#
# A fatal error has been detected by the Java Runtime Environment:
#
#  SIGSEGV (0xb) at pc=0x000000010421a5c8, pid=55655, tid=11267
#
# JRE version: Java(TM) SE Runtime Environment (8.0_25-b17) (build 1.8.0_25-b17)
# Java VM: Java HotSpot(TM) 64-Bit Server VM (25.25-b02 mixed mode bsd-amd64 compressed oops)
# Problematic frame:
# V  [libjvm.dylib+0x41a5c8]
#
# Failed to write core dump. Core dumps have been disabled. To enable core dumping, try "ulimit -c unlimited" before starting Java again
#
# If you would like to submit a bug report, please visit:
#   http://bugreport.sun.com/bugreport/crash.jsp
#

---------------  T H R E A D  ---------------

Current thread (0x00007fa353840000):  VMThread [stack: 0x0000700000629000,0x0000700000729000] [id=11267]

siginfo: si_signo: 11 (SIGSEGV), si_code: 0 (unknown), si_addr: 0x0000000000000000

Registers:
RAX=0x68245c8900000000, RBX=0x000000010421a5c4, RCX=0x0000000103eb848c, RDX=0x0000000103eb82e3
RSP=0x0000700000728420, RBP=0x0000700000728420, RSI=0x0000000000000000, RDI=0x68245c8900000000
R8 =0x00000000c0080000, R9 =0x00000000c0080000, R10=0x0000000000000001, R11=0x0000000000000292
R12=0x00000001053e866f, R13=0x00007fa354468cd0, R14=0x00007000007284b0, R15=0x00007fa3552ad500
RIP=0x000000010421a5c8, EFLAGS=0x0000000000010206, ERR=0x0000000000000000
  TRAPNO=0x000000000000000d

Top of Stack: (sp=0x0000700000728420)
0x0000700000728420:   0000700000728500 000000010423fcdc
0x0000700000728430:   0000700000728470 00000001053e7790
0x0000700000728440:   0000000000000000 00000001053e799a
0x0000700000728450:   00000001053e7a40 00000001053e7790
0x0000700000728460:   00000001053e8f86 000000000000000a
0x0000700000728470:   0000700000728468 0000000104000000
0x0000700000728480:   00000001053e7a40 00000001053e7a40
0x0000700000728490:   00000001053e9320 00000001053e7a40
0x00007000007284a0:   00000001053e9320 00000001053e9408
0x00007000007284b0:   0000000104688800 0000700000728440
0x00007000007284c0:   0000000000000000 0000000103f92ace
0x00007000007284d0:   00007000007284e0 000000010421a5d8
0x00007000007284e0:   0000000000000000 00007fa3533cd1f0
0x00007000007284f0:   00000001053e7790 00007000007286e0
0x0000700000728500:   0000700000728520 0000000103f932ad
0x0000700000728510:   000000010421a5c4 00007fa3553c85b0
0x0000700000728520:   0000700000728540 000000010421a59e
0x0000700000728530:   000000010469d5f8 000000010469d350
0x0000700000728540:   0000700000728590 0000000103f864f8
0x0000700000728550:   00000001045d63d0 00000001043a7969
0x0000700000728560:   0000700000000002 000000010469d350
0x0000700000728570:   0000000000000000 00007fa3533cd1f0
0x0000700000728580:   000000010469d350 00007000007286e0
0x0000700000728590:   00007000007285b0 0000000104306e1a
0x00007000007285a0:   0000700000728690 000000010469d350
0x00007000007285b0:   0000700000728760 0000000104294e1a
0x00007000007285c0:   000000010469d5d0 0000000000000000
0x00007000007285d0:   0000000000000000 00000000000000fe
0x00007000007285e0:   0000000000001570 0000000000000003
0x00007000007285f0:   2b00f72099d8db46 0000700000728728
0x0000700000728600:   0000700000728980 0000000000000000
0x0000700000728610:   00000001043a793e 0000000000000000 

Instructions: (pc=0x000000010421a5c8)
0x000000010421a5a8:   ab f5 ff 48 89 df 48 83 c4 08 5b 5d e9 91 04 12
0x000000010421a5b8:   00 90 55 48 89 e5 5d e9 72 ff ff ff 55 48 89 e5
0x000000010421a5c8:   48 8b 07 48 8b 40 48 be 01 00 00 00 5d ff e0 90
0x000000010421a5d8:   55 48 89 e5 48 8d 35 e1 ff ff ff 5d e9 99 55 02 

Register to memory mapping:

RAX=0x68245c8900000000 is an unknown value
RBX=0x000000010421a5c4: _ZN8Metadata13mark_on_stackEPS_+0 in /Library/Java/JavaVirtualMachines/jdk1.8.0_25.jdk/Contents/Home/jre/lib/server/libjvm.dylib at 0x0000000103e00000
RCX=0x0000000103eb848c: _ZN9Assembler14locate_operandEPhNS_12WhichOperandE+0x26a in /Library/Java/JavaVirtualMachines/jdk1.8.0_25.jdk/Contents/Home/jre/lib/server/libjvm.dylib at 0x0000000103e00000
RDX=0x0000000103eb82e3: _ZN9Assembler14locate_operandEPhNS_12WhichOperandE+0xc1 in /Library/Java/JavaVirtualMachines/jdk1.8.0_25.jdk/Contents/Home/jre/lib/server/libjvm.dylib at 0x0000000103e00000
RSP=0x0000700000728420 is an unknown value
RBP=0x0000700000728420 is an unknown value
RSI=0x0000000000000000 is an unknown value
RDI=0x68245c8900000000 is an unknown value
R8 =0x00000000c0080000 is an unknown value
R9 =0x00000000c0080000 is an unknown value
R10=0x0000000000000001 is an unknown value
R11=0x0000000000000292 is an unknown value
R12=0x00000001053e866f is at entry_point+3119 in (nmethod*)0x00000001053e7790
R13=0x00007fa354468cd0 is an unknown value
R14=0x00007000007284b0 is an unknown value
R15=0x00007fa3552ad500 is an unknown value


Stack: [0x0000700000629000,0x0000700000729000],  sp=0x0000700000728420,  free space=1021k
Native frames: (J=compiled Java code, j=interpreted, Vv=VM code, C=native code)
V  [libjvm.dylib+0x41a5c8]
V  [libjvm.dylib+0x43fcdc]
V  [libjvm.dylib+0x1932ad]
V  [libjvm.dylib+0x41a59e]
V  [libjvm.dylib+0x1864f8]
V  [libjvm.dylib+0x506e1a]
V  [libjvm.dylib+0x494e1a]
V  [libjvm.dylib+0x49631f]
V  [libjvm.dylib+0x496933]
V  [libjvm.dylib+0x1943f2]
V  [libjvm.dylib+0x57a2ee]
V  [libjvm.dylib+0x580c21]
V  [libjvm.dylib+0x57f293]
V  [libjvm.dylib+0x57f6e0]
V  [libjvm.dylib+0x57efff]
V  [libjvm.dylib+0x45d87e]
C  [libsystem_pthread.dylib+0x399d]  _pthread_body+0x83
C  [libsystem_pthread.dylib+0x391a]  _pthread_body+0x0
C  [libsystem_pthread.dylib+0x1351]  thread_start+0xd

VM_Operation (0x00007000012c3b58): CollectForMetadataAllocation, mode: safepoint, requested by thread 0x00007fa353153000


---------------  P R O C E S S  ---------------

Java Threads: ( => current thread )
  0x00007fa354065000 JavaThread "RMI RenewClean-[localhost:58135,org.jetbrains.kotlin.daemon.common.LoopbackNetworkInterface$ClientLoopbackSocketFactory@fe6a0be]" daemon [_thread_blocked, id=23043, stack(0x00007000016dc000,0x00007000017dc000)]
  0x00007fa353153000 JavaThread "RMI TCP Connection(2)-127.0.0.1" daemon [_thread_blocked, id=20487, stack(0x00007000011cd000,0x00007000012cd000)]
  0x00007fa35405e800 JavaThread "RMI Scheduler(0)" daemon [_thread_blocked, id=22531, stack(0x00007000015d9000,0x00007000016d9000)]
  0x00007fa3548bd800 JavaThread "RMI TCP Connection(1)-127.0.0.1" daemon [_thread_in_native, id=22019, stack(0x00007000014d6000,0x00007000015d6000)]
  0x00007fa3538db000 JavaThread "DestroyJavaVM" [_thread_blocked, id=5891, stack(0x000070000011a000,0x000070000021a000)]
  0x00007fa35404d800 JavaThread "GC Daemon" daemon [_thread_blocked, id=21507, stack(0x00007000013d3000,0x00007000014d3000)]
  0x00007fa353a1a800 JavaThread "RMI Reaper" [_thread_blocked, id=20995, stack(0x00007000012d0000,0x00007000013d0000)]
  0x00007fa3538ee000 JavaThread "Timer-0" daemon [_thread_blocked, id=19971, stack(0x00007000010ca000,0x00007000011ca000)]
  0x00007fa354015800 JavaThread "RMI TCP Accept-17455" daemon [_thread_in_native, id=19459, stack(0x0000700000fc7000,0x00007000010c7000)]
  0x00007fa353855800 JavaThread "Service Thread" daemon [_thread_blocked, id=18435, stack(0x0000700000dc1000,0x0000700000ec1000)]
  0x00007fa353049800 JavaThread "C1 CompilerThread2" daemon [_thread_blocked, id=17923, stack(0x0000700000cbe000,0x0000700000dbe000)]
  0x00007fa353049000 JavaThread "C2 CompilerThread1" daemon [_thread_blocked, id=17411, stack(0x0000700000bbb000,0x0000700000cbb000)]
  0x00007fa354801000 JavaThread "C2 CompilerThread0" daemon [_thread_blocked, id=16899, stack(0x0000700000ab8000,0x0000700000bb8000)]
  0x00007fa353839800 JavaThread "Signal Dispatcher" daemon [_thread_blocked, id=12815, stack(0x00007000009b5000,0x0000700000ab5000)]
  0x00007fa353036000 JavaThread "Finalizer" daemon [_thread_blocked, id=12291, stack(0x000070000082f000,0x000070000092f000)]
  0x00007fa35302f800 JavaThread "Reference Handler" daemon [_thread_blocked, id=11779, stack(0x000070000072c000,0x000070000082c000)]

Other Threads:
=>0x00007fa353840000 VMThread [stack: 0x0000700000629000,0x0000700000729000] [id=11267]
  0x00007fa353062800 WatcherThread [stack: 0x0000700000ec4000,0x0000700000fc4000] [id=18947]

VM state:at safepoint (normal execution)

VM Mutex/Monitor currently owned by a thread:  ([mutex/lock_event])
[0x00007fa352e161d0] Threads_lock - owner thread: 0x00007fa353840000
[0x00007fa352e166d0] Heap_lock - owner thread: 0x00007fa353153000

Heap:
 PSYoungGen      total 112640K, used 5117K [0x00000007a0000000, 0x00000007a9b00000, 0x00000007c0000000)
  eden space 107520K, 0% used [0x00000007a0000000,0x00000007a0000000,0x00000007a6900000)
  from space 5120K, 99% used [0x00000007a7c00000,0x00000007a80ff508,0x00000007a8100000)
  to   space 19456K, 0% used [0x00000007a6900000,0x00000007a6900000,0x00000007a7c00000)
 ParOldGen       total 49664K, used 25667K [0x0000000760000000, 0x0000000763080000, 0x00000007a0000000)
  object space 49664K, 51% used [0x0000000760000000,0x0000000761910d50,0x0000000763080000)
 Metaspace       used 34673K, capacity 35122K, committed 35496K, reserved 1081344K
  class space    used 4505K, capacity 4605K, committed 4608K, reserved 1048576K

Card table byte_map: [0x00000001140dc000,0x00000001143dd000] byte_map_base: 0x00000001105dc000

Marking Bits: (ParMarkBitMap*) 0x000000010469d390
 Begin Bits: [0x00000001145dd000, 0x0000000115ddd000)
 End Bits:   [0x0000000115ddd000, 0x00000001175dd000)

Polling page: 0x00000001034e6000

CodeCache: size=245760Kb used=9152Kb max_used=9152Kb free=236607Kb
 bounds [0x0000000104d1c000, 0x000000010561c000, 0x0000000113d1c000]
 total_blobs=3262 nmethods=2813 adapters=363
 compilation: enabled

Compilation events (10 events):
Event: 6.495 Thread 0x00007fa353049800 2805       3       org.jetbrains.kotlin.cli.jvm.index.JvmDependenciesIndexImpl::getPackageCache (23 bytes)
Event: 6.495 Thread 0x00007fa353049800 nmethod 2805 0x0000000105607cd0 code [0x0000000105607e60, 0x00000001056081c8]
Event: 6.495 Thread 0x00007fa353049800 2808       1       org.jetbrains.kotlin.load.java.lazy.JavaResolverComponents::getStorageManager (5 bytes)
Event: 6.495 Thread 0x00007fa353049800 nmethod 2808 0x0000000105607a10 code [0x0000000105607b60, 0x0000000105607c70]
Event: 6.501 Thread 0x00007fa353049800 2811       3       kotlin.SynchronizedLazyImpl::<init> (15 bytes)
Event: 6.501 Thread 0x00007fa353049800 nmethod 2811 0x00000001056073d0 code [0x0000000105607540, 0x0000000105607708]
Event: 6.501 Thread 0x00007fa353049800 2812       3       kotlin.SynchronizedLazyImpl::<init> (37 bytes)
Event: 6.501 Thread 0x00007fa353049800 nmethod 2812 0x0000000105606dd0 code [0x0000000105606f60, 0x00000001056072c8]
Event: 6.518 Thread 0x00007fa353049800 2813       3       java.text.StringCharacterIterator::current (37 bytes)
Event: 6.519 Thread 0x00007fa353049800 nmethod 2813 0x0000000105611850 code [0x00000001056119e0, 0x0000000105611dc8]

GC Heap History (10 events):
Event: 3.947 GC heap after
Heap after GC invocations=4 (full 1):
 PSYoungGen      total 38400K, used 5101K [0x00000007a0000000, 0x00000007a4b00000, 0x00000007c0000000)
  eden space 33280K, 0% used [0x00000007a0000000,0x00000007a0000000,0x00000007a2080000)
  from space 5120K, 99% used [0x00000007a2080000,0x00000007a257b6b8,0x00000007a2580000)
  to   space 5120K, 0% used [0x00000007a4600000,0x00000007a4600000,0x00000007a4b00000)
 ParOldGen       total 87552K, used 8830K [0x0000000760000000, 0x0000000765580000, 0x00000007a0000000)
  object space 87552K, 10% used [0x0000000760000000,0x000000076089fb28,0x0000000765580000)
 Metaspace       used 20312K, capacity 20604K, committed 20864K, reserved 1067008K
  class space    used 2550K, capacity 2612K, committed 2688K, reserved 1048576K
}
Event: 3.986 GC heap before
{Heap before GC invocations=5 (full 1):
 PSYoungGen      total 38400K, used 7540K [0x00000007a0000000, 0x00000007a4b00000, 0x00000007c0000000)
  eden space 33280K, 7% used [0x00000007a0000000,0x00000007a0261a48,0x00000007a2080000)
  from space 5120K, 99% used [0x00000007a2080000,0x00000007a257b6b8,0x00000007a2580000)
  to   space 5120K, 0% used [0x00000007a4600000,0x00000007a4600000,0x00000007a4b00000)
 ParOldGen       total 87552K, used 8830K [0x0000000760000000, 0x0000000765580000, 0x00000007a0000000)
  object space 87552K, 10% used [0x0000000760000000,0x000000076089fb28,0x0000000765580000)
 Metaspace       used 20872K, capacity 21116K, committed 21296K, reserved 1069056K
  class space    used 2636K, capacity 2676K, committed 2688K, reserved 1048576K
Event: 3.994 GC heap after
Heap after GC invocations=5 (full 1):
 PSYoungGen      total 71680K, used 4585K [0x00000007a0000000, 0x00000007a4b00000, 0x00000007c0000000)
  eden space 66560K, 0% used [0x00000007a0000000,0x00000007a0000000,0x00000007a4100000)
  from space 5120K, 89% used [0x00000007a4600000,0x00000007a4a7a640,0x00000007a4b00000)
  to   space 5120K, 0% used [0x00000007a4100000,0x00000007a4100000,0x00000007a4600000)
 ParOldGen       total 87552K, used 8838K [0x0000000760000000, 0x0000000765580000, 0x00000007a0000000)
  object space 87552K, 10% used [0x0000000760000000,0x00000007608a1b28,0x0000000765580000)
 Metaspace       used 20872K, capacity 21116K, committed 21296K, reserved 1069056K
  class space    used 2636K, capacity 2676K, committed 2688K, reserved 1048576K
}
Event: 3.994 GC heap before
{Heap before GC invocations=6 (full 2):
 PSYoungGen      total 71680K, used 4585K [0x00000007a0000000, 0x00000007a4b00000, 0x00000007c0000000)
  eden space 66560K, 0% used [0x00000007a0000000,0x00000007a0000000,0x00000007a4100000)
  from space 5120K, 89% used [0x00000007a4600000,0x00000007a4a7a640,0x00000007a4b00000)
  to   space 5120K, 0% used [0x00000007a4100000,0x00000007a4100000,0x00000007a4600000)
 ParOldGen       total 87552K, used 8838K [0x0000000760000000, 0x0000000765580000, 0x00000007a0000000)
  object space 87552K, 10% used [0x0000000760000000,0x00000007608a1b28,0x0000000765580000)
 Metaspace       used 20872K, capacity 21116K, committed 21296K, reserved 1069056K
  class space    used 2636K, capacity 2676K, committed 2688K, reserved 1048576K
Event: 4.028 GC heap after
Heap after GC invocations=6 (full 2):
 PSYoungGen      total 71680K, used 0K [0x00000007a0000000, 0x00000007a4b00000, 0x00000007c0000000)
  eden space 66560K, 0% used [0x00000007a0000000,0x00000007a0000000,0x00000007a4100000)
  from space 5120K, 0% used [0x00000007a4600000,0x00000007a4600000,0x00000007a4b00000)
  to   space 5120K, 0% used [0x00000007a4100000,0x00000007a4100000,0x00000007a4600000)
 ParOldGen       total 49664K, used 5565K [0x0000000760000000, 0x0000000763080000, 0x00000007a0000000)
  object space 49664K, 11% used [0x0000000760000000,0x000000076056f700,0x0000000763080000)
 Metaspace       used 20870K, capacity 21114K, committed 21296K, reserved 1069056K
  class space    used 2635K, capacity 2675K, committed 2688K, reserved 1048576K
}
Event: 5.530 GC heap before
{Heap before GC invocations=7 (full 2):
 PSYoungGen      total 71680K, used 66560K [0x00000007a0000000, 0x00000007a4b00000, 0x00000007c0000000)
  eden space 66560K, 100% used [0x00000007a0000000,0x00000007a4100000,0x00000007a4100000)
  from space 5120K, 0% used [0x00000007a4600000,0x00000007a4600000,0x00000007a4b00000)
  to   space 5120K, 0% used [0x00000007a4100000,0x00000007a4100000,0x00000007a4600000)
 ParOldGen       total 49664K, used 5565K [0x0000000760000000, 0x0000000763080000, 0x00000007a0000000)
  object space 49664K, 11% used [0x0000000760000000,0x000000076056f700,0x0000000763080000)
 Metaspace       used 27695K, capacity 28066K, committed 28416K, reserved 1073152K
  class space    used 3633K, capacity 3743K, committed 3840K, reserved 1048576K
Event: 5.555 GC heap after
Heap after GC invocations=7 (full 2):
 PSYoungGen      total 71680K, used 5116K [0x00000007a0000000, 0x00000007a8100000, 0x00000007c0000000)
  eden space 66560K, 0% used [0x00000007a0000000,0x00000007a0000000,0x00000007a4100000)
  from space 5120K, 99% used [0x00000007a4100000,0x00000007a45ff118,0x00000007a4600000)
  to   space 5120K, 0% used [0x00000007a7c00000,0x00000007a7c00000,0x00000007a8100000)
 ParOldGen       total 49664K, used 14492K [0x0000000760000000, 0x0000000763080000, 0x00000007a0000000)
  object space 49664K, 29% used [0x0000000760000000,0x0000000760e273d0,0x0000000763080000)
 Metaspace       used 27695K, capacity 28066K, committed 28416K, reserved 1073152K
  class space    used 3633K, capacity 3743K, committed 3840K, reserved 1048576K
}
Event: 6.519 GC heap before
{Heap before GC invocations=8 (full 2):
 PSYoungGen      total 71680K, used 48250K [0x00000007a0000000, 0x00000007a8100000, 0x00000007c0000000)
  eden space 66560K, 64% used [0x00000007a0000000,0x00000007a2a1f708,0x00000007a4100000)
  from space 5120K, 99% used [0x00000007a4100000,0x00000007a45ff118,0x00000007a4600000)
  to   space 5120K, 0% used [0x00000007a7c00000,0x00000007a7c00000,0x00000007a8100000)
 ParOldGen       total 49664K, used 14492K [0x0000000760000000, 0x0000000763080000, 0x00000007a0000000)
  object space 49664K, 29% used [0x0000000760000000,0x0000000760e273d0,0x0000000763080000)
 Metaspace       used 34673K, capacity 35122K, committed 35496K, reserved 1081344K
  class space    used 4505K, capacity 4605K, committed 4608K, reserved 1048576K
Event: 6.540 GC heap after
Heap after GC invocations=8 (full 2):
 PSYoungGen      total 112640K, used 5117K [0x00000007a0000000, 0x00000007a9b00000, 0x00000007c0000000)
  eden space 107520K, 0% used [0x00000007a0000000,0x00000007a0000000,0x00000007a6900000)
  from space 5120K, 99% used [0x00000007a7c00000,0x00000007a80ff508,0x00000007a8100000)
  to   space 19456K, 0% used [0x00000007a6900000,0x00000007a6900000,0x00000007a7c00000)
 ParOldGen       total 49664K, used 25667K [0x0000000760000000, 0x0000000763080000, 0x00000007a0000000)
  object space 49664K, 51% used [0x0000000760000000,0x0000000761910d50,0x0000000763080000)
 Metaspace       used 34673K, capacity 35122K, committed 35496K, reserved 1081344K
  class space    used 4505K, capacity 4605K, committed 4608K, reserved 1048576K
}
Event: 6.540 GC heap before
{Heap before GC invocations=9 (full 3):
 PSYoungGen      total 112640K, used 5117K [0x00000007a0000000, 0x00000007a9b00000, 0x00000007c0000000)
  eden space 107520K, 0% used [0x00000007a0000000,0x00000007a0000000,0x00000007a6900000)
  from space 5120K, 99% used [0x00000007a7c00000,0x00000007a80ff508,0x00000007a8100000)
  to   space 19456K, 0% used [0x00000007a6900000,0x00000007a6900000,0x00000007a7c00000)
 ParOldGen       total 49664K, used 25667K [0x0000000760000000, 0x0000000763080000, 0x00000007a0000000)
  object space 49664K, 51% used [0x0000000760000000,0x0000000761910d50,0x0000000763080000)
 Metaspace       used 34673K, capacity 35122K, committed 35496K, reserved 1081344K
  class space    used 4505K, capacity 4605K, committed 4608K, reserved 1048576K

Deoptimization events (10 events):
Event: 6.211 Thread 0x00007fa353153000 Uncommon trap: reason=bimorphic action=maybe_recompile pc=0x00000001053e6e44 method=java.util.HashMap.putVal(ILjava/lang/Object;Ljava/lang/Object;ZZ)Ljava/lang/Object; @ 203
Event: 6.211 Thread 0x00007fa353153000 Uncommon trap: reason=bimorphic action=maybe_recompile pc=0x00000001053e6e44 method=java.util.HashMap.putVal(ILjava/lang/Object;Ljava/lang/Object;ZZ)Ljava/lang/Object; @ 203
Event: 6.211 Thread 0x00007fa353153000 Uncommon trap: reason=bimorphic action=maybe_recompile pc=0x00000001053e6e44 method=java.util.HashMap.putVal(ILjava/lang/Object;Ljava/lang/Object;ZZ)Ljava/lang/Object; @ 203
Event: 6.212 Thread 0x00007fa353153000 Uncommon trap: reason=bimorphic action=maybe_recompile pc=0x00000001053e6e44 method=java.util.HashMap.putVal(ILjava/lang/Object;Ljava/lang/Object;ZZ)Ljava/lang/Object; @ 203
Event: 6.212 Thread 0x00007fa353153000 Uncommon trap: reason=bimorphic action=maybe_recompile pc=0x0000000105090c00 method=java.util.HashMap.putVal(ILjava/lang/Object;Ljava/lang/Object;ZZ)Ljava/lang/Object; @ 203
Event: 6.390 Thread 0x00007fa353153000 Uncommon trap: reason=bimorphic action=maybe_recompile pc=0x000000010556a6fc method=org.jetbrains.kotlin.protobuf.CodedInputStream.tryRefillBuffer(I)Z @ 177
Event: 6.393 Thread 0x00007fa353153000 Uncommon trap: reason=bimorphic action=maybe_recompile pc=0x000000010556a6fc method=org.jetbrains.kotlin.protobuf.CodedInputStream.tryRefillBuffer(I)Z @ 177
Event: 6.397 Thread 0x00007fa353153000 Uncommon trap: reason=bimorphic action=maybe_recompile pc=0x000000010556a6fc method=org.jetbrains.kotlin.protobuf.CodedInputStream.tryRefillBuffer(I)Z @ 177
Event: 6.437 Thread 0x00007fa353153000 Uncommon trap: reason=bimorphic action=maybe_recompile pc=0x000000010556a6fc method=org.jetbrains.kotlin.protobuf.CodedInputStream.tryRefillBuffer(I)Z @ 177
Event: 6.440 Thread 0x00007fa353153000 Uncommon trap: reason=bimorphic action=maybe_recompile pc=0x000000010556cfbc method=org.jetbrains.kotlin.protobuf.CodedInputStream.tryRefillBuffer(I)Z @ 177

Internal exceptions (10 events):
Event: 6.516 Thread 0x00007fa353153000 Exception <a 'java/security/PrivilegedActionException'> (0x00000007a2982f80) thrown at [/HUDSON3/workspace/8-2-build-macosx-x86_64/jdk8u25/1514/hotspot/src/share/vm/prims/jvm.cpp, line 1312]
Event: 6.516 Thread 0x00007fa353153000 Exception <a 'java/security/PrivilegedActionException'> (0x00000007a2987240) thrown at [/HUDSON3/workspace/8-2-build-macosx-x86_64/jdk8u25/1514/hotspot/src/share/vm/prims/jvm.cpp, line 1312]
Event: 6.516 Thread 0x00007fa353153000 Exception <a 'java/security/PrivilegedActionException'> (0x00000007a298b490) thrown at [/HUDSON3/workspace/8-2-build-macosx-x86_64/jdk8u25/1514/hotspot/src/share/vm/prims/jvm.cpp, line 1312]
Event: 6.517 Thread 0x00007fa353153000 Exception <a 'java/security/PrivilegedActionException'> (0x00000007a2995258) thrown at [/HUDSON3/workspace/8-2-build-macosx-x86_64/jdk8u25/1514/hotspot/src/share/vm/prims/jvm.cpp, line 1312]
Event: 6.517 Thread 0x00007fa353153000 Exception <a 'java/security/PrivilegedActionException'> (0x00000007a2999fd0) thrown at [/HUDSON3/workspace/8-2-build-macosx-x86_64/jdk8u25/1514/hotspot/src/share/vm/prims/jvm.cpp, line 1312]
Event: 6.518 Thread 0x00007fa353153000 Exception <a 'java/security/PrivilegedActionException'> (0x00000007a29a39c8) thrown at [/HUDSON3/workspace/8-2-build-macosx-x86_64/jdk8u25/1514/hotspot/src/share/vm/prims/jvm.cpp, line 1312]
Event: 6.518 Thread 0x00007fa353153000 Exception <a 'java/security/PrivilegedActionException'> (0x00000007a29a8858) thrown at [/HUDSON3/workspace/8-2-build-macosx-x86_64/jdk8u25/1514/hotspot/src/share/vm/prims/jvm.cpp, line 1312]
Event: 6.518 Thread 0x00007fa353153000 Exception <a 'java/security/PrivilegedActionException'> (0x00000007a29acbd0) thrown at [/HUDSON3/workspace/8-2-build-macosx-x86_64/jdk8u25/1514/hotspot/src/share/vm/prims/jvm.cpp, line 1312]
Event: 6.518 Thread 0x00007fa353153000 Exception <a 'java/security/PrivilegedActionException'> (0x00000007a29b07d0) thrown at [/HUDSON3/workspace/8-2-build-macosx-x86_64/jdk8u25/1514/hotspot/src/share/vm/prims/jvm.cpp, line 1312]
Event: 6.519 Thread 0x00007fa353153000 Exception <a 'java/security/PrivilegedActionException'> (0x00000007a29b82a8) thrown at [/HUDSON3/workspace/8-2-build-macosx-x86_64/jdk8u25/1514/hotspot/src/share/vm/prims/jvm.cpp, line 1312]

Events (10 events):
Event: 6.518 loading class org/jetbrains/kotlin/load/java/structure/impl/classFiles/BinaryClassSignatureParser$JavaSignatureVariance done
Event: 6.518 loading class org/jetbrains/kotlin/load/java/structure/impl/classFiles/PlainJavaWildcardType
Event: 6.518 loading class org/jetbrains/kotlin/load/java/structure/impl/classFiles/PlainJavaWildcardType done
Event: 6.518 loading class org/jetbrains/kotlin/load/java/structure/JavaWildcardType
Event: 6.518 loading class org/jetbrains/kotlin/load/java/structure/JavaWildcardType done
Event: 6.518 loading class org/jetbrains/kotlin/load/java/structure/impl/classFiles/BinaryJavaMethod
Event: 6.518 loading class org/jetbrains/kotlin/load/java/structure/impl/classFiles/BinaryJavaMethod done
Event: 6.519 loading class org/jetbrains/kotlin/descriptors/DescriptorUtilKt
Event: 6.519 loading class org/jetbrains/kotlin/descriptors/DescriptorUtilKt done
Event: 6.519 Executing VM operation: CollectForMetadataAllocation


Dynamic libraries:
0x00000000076ea000 	/System/Library/Frameworks/Cocoa.framework/Versions/A/Cocoa
0x00000000076ea000 	/System/Library/Frameworks/Security.framework/Versions/A/Security
0x00000000076ea000 	/System/Library/Frameworks/ApplicationServices.framework/Versions/A/ApplicationServices
0x00000000076ea000 	/usr/lib/libz.1.dylib
0x00000000076ea000 	/usr/lib/libSystem.B.dylib
0x00000000076ea000 	/usr/lib/libobjc.A.dylib
0x00000000076ea000 	/System/Library/Frameworks/CoreFoundation.framework/Versions/A/CoreFoundation
0x00000000076ea000 	/System/Library/Frameworks/Foundation.framework/Versions/C/Foundation
0x00000000076ea000 	/System/Library/Frameworks/AppKit.framework/Versions/C/AppKit
0x00000000076ea000 	/System/Library/Frameworks/CoreData.framework/Versions/A/CoreData
0x00000000076ea000 	/System/Library/PrivateFrameworks/RemoteViewServices.framework/Versions/A/RemoteViewServices
0x00000000076ea000 	/System/Library/PrivateFrameworks/UIFoundation.framework/Versions/A/UIFoundation
0x00000000076ea000 	/usr/lib/libScreenReader.dylib
0x00000000076ea000 	/System/Library/Frameworks/Accelerate.framework/Versions/A/Accelerate
0x00000000076ea000 	/System/Library/Frameworks/IOSurface.framework/Versions/A/IOSurface
0x00000000076ea000 	/System/Library/Frameworks/AudioToolbox.framework/Versions/A/AudioToolbox
0x00000000076ea000 	/System/Library/Frameworks/AudioUnit.framework/Versions/A/AudioUnit
0x00000000076ea000 	/System/Library/PrivateFrameworks/DataDetectorsCore.framework/Versions/A/DataDetectorsCore
0x00000000076ea000 	/System/Library/PrivateFrameworks/DesktopServicesPriv.framework/Versions/A/DesktopServicesPriv
0x00000000076ea000 	/System/Library/Frameworks/Carbon.framework/Versions/A/Frameworks/HIToolbox.framework/Versions/A/HIToolbox
0x00000000076ea000 	/System/Library/Frameworks/QuartzCore.framework/Versions/A/QuartzCore
0x00000000076ea000 	/System/Library/Frameworks/Carbon.framework/Versions/A/Frameworks/SpeechRecognition.framework/Versions/A/SpeechRecognition
0x00000000076ea000 	/usr/lib/libauto.dylib
0x00000000076ea000 	/usr/lib/libicucore.A.dylib
0x00000000076ea000 	/usr/lib/libxml2.2.dylib
0x00000000076ea000 	/System/Library/PrivateFrameworks/CoreUI.framework/Versions/A/CoreUI
0x00000000076ea000 	/System/Library/Frameworks/CoreAudio.framework/Versions/A/CoreAudio
0x00000000076ea000 	/System/Library/Frameworks/DiskArbitration.framework/Versions/A/DiskArbitration
0x00000000076ea000 	/usr/lib/liblangid.dylib
0x00000000076ea000 	/System/Library/PrivateFrameworks/MultitouchSupport.framework/Versions/A/MultitouchSupport
0x00000000076ea000 	/System/Library/Frameworks/IOKit.framework/Versions/A/IOKit
0x00000000076ea000 	/usr/lib/libDiagnosticMessagesClient.dylib
0x00000000076ea000 	/System/Library/Frameworks/CoreServices.framework/Versions/A/CoreServices
0x00000000076ea000 	/System/Library/PrivateFrameworks/PerformanceAnalysis.framework/Versions/A/PerformanceAnalysis
0x00000000076ea000 	/System/Library/PrivateFrameworks/GenerationalStorage.framework/Versions/A/GenerationalStorage
0x00000000076ea000 	/System/Library/Frameworks/OpenGL.framework/Versions/A/OpenGL
0x00000000076ea000 	/System/Library/PrivateFrameworks/Sharing.framework/Versions/A/Sharing
0x00000000076ea000 	/System/Library/Frameworks/CoreGraphics.framework/Versions/A/CoreGraphics
0x00000000076ea000 	/System/Library/Frameworks/CoreImage.framework/Versions/A/CoreImage
0x00000000076ea000 	/System/Library/Frameworks/CoreText.framework/Versions/A/CoreText
0x00000000076ea000 	/System/Library/Frameworks/ImageIO.framework/Versions/A/ImageIO
0x00000000076ea000 	/System/Library/PrivateFrameworks/Backup.framework/Versions/A/Backup
0x00000000076ea000 	/usr/lib/libextension.dylib
0x00000000076ea000 	/usr/lib/libarchive.2.dylib
0x00000000076ea000 	/System/Library/Frameworks/CFNetwork.framework/Versions/A/CFNetwork
0x00000000076ea000 	/System/Library/Frameworks/SystemConfiguration.framework/Versions/A/SystemConfiguration
0x00000000076ea000 	/usr/lib/libCRFSuite.dylib
0x00000000076ea000 	/usr/lib/libc++.1.dylib
0x00000000076ea000 	/usr/lib/libc++abi.dylib
0x00000000076ea000 	/usr/lib/system/libcache.dylib
0x00000000076ea000 	/usr/lib/system/libcommonCrypto.dylib
0x00000000076ea000 	/usr/lib/system/libcompiler_rt.dylib
0x00000000076ea000 	/usr/lib/system/libcopyfile.dylib
0x00000000076ea000 	/usr/lib/system/libcorecrypto.dylib
0x00000000076ea000 	/usr/lib/system/libdispatch.dylib
0x00000000076ea000 	/usr/lib/system/libdyld.dylib
0x00000000076ea000 	/usr/lib/system/libkeymgr.dylib
0x00000000076ea000 	/usr/lib/system/liblaunch.dylib
0x00000000076ea000 	/usr/lib/system/libmacho.dylib
0x00000000076ea000 	/usr/lib/system/libquarantine.dylib
0x00000000076ea000 	/usr/lib/system/libremovefile.dylib
0x00000000076ea000 	/usr/lib/system/libsystem_asl.dylib
0x00000000076ea000 	/usr/lib/system/libsystem_blocks.dylib
0x00000000076ea000 	/usr/lib/system/libsystem_c.dylib
0x00000000076ea000 	/usr/lib/system/libsystem_configuration.dylib
0x00000000076ea000 	/usr/lib/system/libsystem_coreservices.dylib
0x00000000076ea000 	/usr/lib/system/libsystem_coretls.dylib
0x00000000076ea000 	/usr/lib/system/libsystem_dnssd.dylib
0x00000000076ea000 	/usr/lib/system/libsystem_info.dylib
0x00000000076ea000 	/usr/lib/system/libsystem_kernel.dylib
0x00000000076ea000 	/usr/lib/system/libsystem_m.dylib
0x00000000076ea000 	/usr/lib/system/libsystem_malloc.dylib
0x00000000076ea000 	/usr/lib/system/libsystem_network.dylib
0x00000000076ea000 	/usr/lib/system/libsystem_networkextension.dylib
0x00000000076ea000 	/usr/lib/system/libsystem_notify.dylib
0x00000000076ea000 	/usr/lib/system/libsystem_platform.dylib
0x00000000076ea000 	/usr/lib/system/libsystem_pthread.dylib
0x00000000076ea000 	/usr/lib/system/libsystem_sandbox.dylib
0x00000000076ea000 	/usr/lib/system/libsystem_secinit.dylib
0x00000000076ea000 	/usr/lib/system/libsystem_trace.dylib
0x00000000076ea000 	/usr/lib/system/libunc.dylib
0x00000000076ea000 	/usr/lib/system/libunwind.dylib
0x00000000076ea000 	/usr/lib/system/libxpc.dylib
0x00000000076ea000 	/usr/lib/libenergytrace.dylib
0x00000000076ea000 	/usr/lib/libbsm.0.dylib
0x00000000076ea000 	/usr/lib/system/libkxld.dylib
0x00000000076ea000 	/usr/lib/libxar.1.dylib
0x00000000076ea000 	/usr/lib/libsqlite3.dylib
0x00000000076ea000 	/usr/lib/libpam.2.dylib
0x00000000076ea000 	/usr/lib/libOpenScriptingUtil.dylib
0x00000000076ea000 	/usr/lib/libbz2.1.0.dylib
0x00000000076ea000 	/usr/lib/liblzma.5.dylib
0x00000000076ea000 	/System/Library/Frameworks/CoreServices.framework/Versions/A/Frameworks/FSEvents.framework/Versions/A/FSEvents
0x00000000076ea000 	/System/Library/Frameworks/CoreServices.framework/Versions/A/Frameworks/CarbonCore.framework/Versions/A/CarbonCore
0x00000000076ea000 	/System/Library/Frameworks/CoreServices.framework/Versions/A/Frameworks/Metadata.framework/Versions/A/Metadata
0x00000000076ea000 	/System/Library/Frameworks/CoreServices.framework/Versions/A/Frameworks/OSServices.framework/Versions/A/OSServices
0x00000000076ea000 	/System/Library/Frameworks/CoreServices.framework/Versions/A/Frameworks/SearchKit.framework/Versions/A/SearchKit
0x00000000076ea000 	/System/Library/Frameworks/CoreServices.framework/Versions/A/Frameworks/AE.framework/Versions/A/AE
0x00000000076ea000 	/System/Library/Frameworks/CoreServices.framework/Versions/A/Frameworks/LaunchServices.framework/Versions/A/LaunchServices
0x00000000076ea000 	/System/Library/Frameworks/CoreServices.framework/Versions/A/Frameworks/DictionaryServices.framework/Versions/A/DictionaryServices
0x00000000076ea000 	/System/Library/Frameworks/CoreServices.framework/Versions/A/Frameworks/SharedFileList.framework/Versions/A/SharedFileList
0x00000000076ea000 	/System/Library/Frameworks/NetFS.framework/Versions/A/NetFS
0x00000000076ea000 	/System/Library/PrivateFrameworks/NetAuth.framework/Versions/A/NetAuth
0x00000000076ea000 	/System/Library/PrivateFrameworks/login.framework/Versions/A/Frameworks/loginsupport.framework/Versions/A/loginsupport
0x00000000076ea000 	/System/Library/PrivateFrameworks/TCC.framework/Versions/A/TCC
0x00000000076ea000 	/usr/lib/libmecabra.dylib
0x00000000076ea000 	/System/Library/Frameworks/ApplicationServices.framework/Versions/A/Frameworks/ATS.framework/Versions/A/ATS
0x00000000076ea000 	/System/Library/Frameworks/ApplicationServices.framework/Versions/A/Frameworks/ColorSync.framework/Versions/A/ColorSync
0x00000000076ea000 	/System/Library/Frameworks/ApplicationServices.framework/Versions/A/Frameworks/HIServices.framework/Versions/A/HIServices
0x00000000076ea000 	/System/Library/Frameworks/ApplicationServices.framework/Versions/A/Frameworks/LangAnalysis.framework/Versions/A/LangAnalysis
0x00000000076ea000 	/System/Library/Frameworks/ApplicationServices.framework/Versions/A/Frameworks/PrintCore.framework/Versions/A/PrintCore
0x00000000076ea000 	/System/Library/Frameworks/ApplicationServices.framework/Versions/A/Frameworks/QD.framework/Versions/A/QD
0x00000000076ea000 	/System/Library/Frameworks/ApplicationServices.framework/Versions/A/Frameworks/SpeechSynthesis.framework/Versions/A/SpeechSynthesis
0x00000000076ea000 	/System/Library/Frameworks/Metal.framework/Versions/A/Metal
0x00000000076ea000 	/System/Library/Frameworks/Accelerate.framework/Versions/A/Frameworks/vImage.framework/Versions/A/vImage
0x00000000076ea000 	/System/Library/Frameworks/Accelerate.framework/Versions/A/Frameworks/vecLib.framework/Versions/A/vecLib
0x00000000076ea000 	/System/Library/Frameworks/Accelerate.framework/Versions/A/Frameworks/vecLib.framework/Versions/A/libvDSP.dylib
0x00000000076ea000 	/System/Library/Frameworks/Accelerate.framework/Versions/A/Frameworks/vecLib.framework/Versions/A/libvMisc.dylib
0x00000000076ea000 	/System/Library/Frameworks/Accelerate.framework/Versions/A/Frameworks/vecLib.framework/Versions/A/libLAPACK.dylib
0x00000000076ea000 	/System/Library/Frameworks/Accelerate.framework/Versions/A/Frameworks/vecLib.framework/Versions/A/libBLAS.dylib
0x00000000076ea000 	/System/Library/Frameworks/Accelerate.framework/Versions/A/Frameworks/vecLib.framework/Versions/A/libLinearAlgebra.dylib
0x00000000076ea000 	/System/Library/Frameworks/Accelerate.framework/Versions/A/Frameworks/vecLib.framework/Versions/A/libSparseBLAS.dylib
0x00000000076ea000 	/System/Library/PrivateFrameworks/GPUCompiler.framework/libmetal_timestamp.dylib
0x00000000076ea000 	/System/Library/Frameworks/OpenGL.framework/Versions/A/Libraries/libCoreFSCache.dylib
0x00000000076ea000 	/System/Library/PrivateFrameworks/IOAccelerator.framework/Versions/A/IOAccelerator
0x00000000076ea000 	/System/Library/Frameworks/ApplicationServices.framework/Versions/A/Frameworks/ATS.framework/Versions/A/Resources/libFontParser.dylib
0x00000000076ea000 	/System/Library/Frameworks/ApplicationServices.framework/Versions/A/Frameworks/ATS.framework/Versions/A/Resources/libFontRegistry.dylib
0x00000000076ea000 	/System/Library/PrivateFrameworks/AppleVPA.framework/Versions/A/AppleVPA
0x00000000076ea000 	/System/Library/PrivateFrameworks/AppleJPEG.framework/Versions/A/AppleJPEG
0x00000000076ea000 	/System/Library/Frameworks/ImageIO.framework/Versions/A/Resources/libJPEG.dylib
0x00000000076ea000 	/System/Library/Frameworks/ImageIO.framework/Versions/A/Resources/libTIFF.dylib
0x00000000076ea000 	/System/Library/Frameworks/ImageIO.framework/Versions/A/Resources/libPng.dylib
0x00000000076ea000 	/System/Library/Frameworks/ImageIO.framework/Versions/A/Resources/libGIF.dylib
0x00000000076ea000 	/System/Library/Frameworks/ImageIO.framework/Versions/A/Resources/libJP2.dylib
0x00000000076ea000 	/System/Library/Frameworks/ImageIO.framework/Versions/A/Resources/libRadiance.dylib
0x00000000076ea000 	/System/Library/Frameworks/CoreVideo.framework/Versions/A/CoreVideo
0x00000000076ea000 	/System/Library/Frameworks/OpenGL.framework/Versions/A/Libraries/libGLU.dylib
0x00000000076ea000 	/System/Library/Frameworks/OpenGL.framework/Versions/A/Libraries/libGFXShared.dylib
0x00000000076ea000 	/System/Library/Frameworks/OpenGL.framework/Versions/A/Libraries/libGL.dylib
0x00000000076ea000 	/System/Library/Frameworks/OpenGL.framework/Versions/A/Libraries/libGLImage.dylib
0x00000000076ea000 	/System/Library/Frameworks/OpenGL.framework/Versions/A/Libraries/libCVMSPluginSupport.dylib
0x00000000076ea000 	/System/Library/Frameworks/OpenGL.framework/Versions/A/Libraries/libCoreVMClient.dylib
0x00000000076ea000 	/usr/lib/libcompression.dylib
0x00000000076ea000 	/usr/lib/libcups.2.dylib
0x00000000076ea000 	/System/Library/Frameworks/Kerberos.framework/Versions/A/Kerberos
0x00000000076ea000 	/System/Library/Frameworks/GSS.framework/Versions/A/GSS
0x00000000076ea000 	/usr/lib/libresolv.9.dylib
0x00000000076ea000 	/usr/lib/libiconv.2.dylib
0x00000000076ea000 	/System/Library/PrivateFrameworks/Heimdal.framework/Versions/A/Heimdal
0x00000000076ea000 	/usr/lib/libheimdal-asn1.dylib
0x00000000076ea000 	/System/Library/Frameworks/OpenDirectory.framework/Versions/A/OpenDirectory
0x00000000076ea000 	/System/Library/PrivateFrameworks/CommonAuth.framework/Versions/A/CommonAuth
0x00000000076ea000 	/System/Library/Frameworks/OpenDirectory.framework/Versions/A/Frameworks/CFOpenDirectory.framework/Versions/A/CFOpenDirectory
0x00000000076ea000 	/System/Library/Frameworks/SecurityFoundation.framework/Versions/A/SecurityFoundation
0x00000000076ea000 	/System/Library/PrivateFrameworks/LanguageModeling.framework/Versions/A/LanguageModeling
0x00000000076ea000 	/usr/lib/libmarisa.dylib
0x00000000076ea000 	/usr/lib/libChineseTokenizer.dylib
0x00000000076ea000 	/usr/lib/libcmph.dylib
0x00000000076ea000 	/System/Library/Frameworks/ServiceManagement.framework/Versions/A/ServiceManagement
0x00000000076ea000 	/usr/lib/libxslt.1.dylib
0x00000000076ea000 	/System/Library/Frameworks/Carbon.framework/Versions/A/Frameworks/Ink.framework/Versions/A/Ink
0x00000000076ea000 	/usr/lib/libFosl_dynamic.dylib
0x00000000076ea000 	/System/Library/PrivateFrameworks/FaceCore.framework/Versions/A/FaceCore
0x00000000076ea000 	/System/Library/Frameworks/OpenCL.framework/Versions/A/OpenCL
0x00000000076ea000 	/System/Library/PrivateFrameworks/CrashReporterSupport.framework/Versions/A/CrashReporterSupport
0x00000000076ea000 	/System/Library/PrivateFrameworks/IconServices.framework/Versions/A/IconServices
0x00000000076ea000 	/System/Library/PrivateFrameworks/Apple80211.framework/Versions/A/Apple80211
0x00000000076ea000 	/System/Library/Frameworks/CoreWLAN.framework/Versions/A/CoreWLAN
0x00000000076ea000 	/System/Library/Frameworks/IOBluetooth.framework/Versions/A/IOBluetooth
0x00000000076ea000 	/System/Library/PrivateFrameworks/CoreWiFi.framework/Versions/A/CoreWiFi
0x00000000076ea000 	/System/Library/Frameworks/CoreBluetooth.framework/Versions/A/CoreBluetooth
0x00000000076ea000 	/System/Library/PrivateFrameworks/ChunkingLibrary.framework/Versions/A/ChunkingLibrary
0x00000000076ea000 	/System/Library/PrivateFrameworks/DebugSymbols.framework/Versions/A/DebugSymbols
0x00000000076ea000 	/System/Library/PrivateFrameworks/CoreSymbolication.framework/Versions/A/CoreSymbolication
0x00000000076ea000 	/System/Library/PrivateFrameworks/Symbolication.framework/Versions/A/Symbolication
0x00000000076ea000 	/System/Library/PrivateFrameworks/SpeechRecognitionCore.framework/Versions/A/SpeechRecognitionCore
0x0000000103e00000 	/Library/Java/JavaVirtualMachines/jdk1.8.0_25.jdk/Contents/Home/jre/lib/server/libjvm.dylib
0x00000000076ea000 	/usr/lib/libstdc++.6.dylib
0x00000001034a4000 	/Library/Java/JavaVirtualMachines/jdk1.8.0_25.jdk/Contents/Home/jre/lib/libverify.dylib
0x00000001034b2000 	/Library/Java/JavaVirtualMachines/jdk1.8.0_25.jdk/Contents/Home/jre/lib/libjava.dylib
0x00000001034f0000 	/Library/Java/JavaVirtualMachines/jdk1.8.0_25.jdk/Contents/Home/jre/lib/libzip.dylib
0x00000001192d4000 	/System/Library/Frameworks/JavaVM.framework/Frameworks/JavaRuntimeSupport.framework/JavaRuntimeSupport
0x00000001192ef000 	/System/Library/Frameworks/JavaVM.framework/Versions/A/Frameworks/JavaNativeFoundation.framework/Versions/A/JavaNativeFoundation
0x00000001035ec000 	/System/Library/Frameworks/JavaVM.framework/Versions/A/JavaVM
0x00000000076ea000 	/System/Library/Frameworks/Carbon.framework/Versions/A/Carbon
0x0000000119304000 	/System/Library/PrivateFrameworks/JavaLaunching.framework/Versions/A/JavaLaunching
0x00000000076ea000 	/System/Library/Frameworks/Carbon.framework/Versions/A/Frameworks/CommonPanels.framework/Versions/A/CommonPanels
0x00000000076ea000 	/System/Library/Frameworks/Carbon.framework/Versions/A/Frameworks/Help.framework/Versions/A/Help
0x00000000076ea000 	/System/Library/Frameworks/Carbon.framework/Versions/A/Frameworks/ImageCapture.framework/Versions/A/ImageCapture
0x00000000076ea000 	/System/Library/Frameworks/Carbon.framework/Versions/A/Frameworks/OpenScripting.framework/Versions/A/OpenScripting
0x00000000076ea000 	/System/Library/Frameworks/Carbon.framework/Versions/A/Frameworks/Print.framework/Versions/A/Print
0x00000000076ea000 	/System/Library/Frameworks/Carbon.framework/Versions/A/Frameworks/SecurityHI.framework/Versions/A/SecurityHI
0x000000011afaa000 	/Library/Java/JavaVirtualMachines/jdk1.8.0_25.jdk/Contents/Home/jre/lib/libmanagement.dylib
0x000000011afb7000 	/Library/Java/JavaVirtualMachines/jdk1.8.0_25.jdk/Contents/Home/jre/lib/libnio.dylib
0x000000011afc7000 	/Library/Java/JavaVirtualMachines/jdk1.8.0_25.jdk/Contents/Home/jre/lib/./libnet.dylib

VM Arguments:
jvm_args: -Djava.awt.headless=true -Djava.rmi.server.hostname=localhost -Xmx1536m -Dkotlin.environment.keepalive 
java_command: org.jetbrains.kotlin.daemon.KotlinCompileDaemon --daemon-runFilesPath /Users/Sahar/Library/Application Support/kotlin/daemon --daemon-autoshutdownIdleSeconds=7200 --daemon-compilerClasspath /Users/Sahar/.gradle/caches/modules-2/files-2.1/org.jetbrains.kotlin/kotlin-compiler-embeddable/1.2.21/39456b64a42dc359e385697e2e93b5cba52e197f/kotlin-compiler-embeddable-1.2.21.jar:/Users/Sahar/.gradle/caches/modules-2/files-2.1/org.jetbrains.kotlin/kotlin-stdlib/1.2.21/d64187eb2d9d1521be3421aa8c6774a8625cdde8/kotlin-stdlib-1.2.21.jar:/Users/Sahar/.gradle/caches/modules-2/files-2.1/org.jetbrains.kotlin/kotlin-script-runtime/1.2.21/40c37b171146be48a989ab74b937b17a96d28d87/kotlin-script-runtime-1.2.21.jar:/Users/Sahar/.gradle/caches/modules-2/files-2.1/org.jetbrains.kotlin/kotlin-reflect/1.2.21/3159ff5936aa570a90050d385cb717fbb6c1723a/kotlin-reflect-1.2.21.jar:/Library/Java/JavaVirtualMachines/jdk1.8.0_25.jdk/Contents/Home/lib/tools.jar
java_class_path (initial): /Users/Sahar/.gradle/caches/modules-2/files-2.1/org.jetbrains.kotlin/kotlin-compiler-embeddable/1.2.21/39456b64a42dc359e385697e2e93b5cba52e197f/kotlin-compiler-embeddable-1.2.21.jar:/Users/Sahar/.gradle/caches/modules-2/files-2.1/org.jetbrains.kotlin/kotlin-stdlib/1.2.21/d64187eb2d9d1521be3421aa8c6774a8625cdde8/kotlin-stdlib-1.2.21.jar:/Users/Sahar/.gradle/caches/modules-2/files-2.1/org.jetbrains.kotlin/kotlin-script-runtime/1.2.21/40c37b171146be48a989ab74b937b17a96d28d87/kotlin-script-runtime-1.2.21.jar:/Users/Sahar/.gradle/caches/modules-2/files-2.1/org.jetbrains.kotlin/kotlin-reflect/1.2.21/3159ff5936aa570a90050d385cb717fbb6c1723a/kotlin-reflect-1.2.21.jar:/Library/Java/JavaVirtualMachines/jdk1.8.0_25.jdk/Contents/Home/lib/tools.jar
Launcher Type: SUN_STANDARD

Environment Variables:
PATH=/usr/bin:/bin:/usr/sbin:/sbin
SHELL=/bin/bash

Signal Handlers:
SIGSEGV: [libjvm.dylib+0x579dc7], sa_mask[0]=11111111011111110111111111111111, sa_flags=SA_ONSTACK|SA_RESTART|SA_SIGINFO
SIGBUS: [libjvm.dylib+0x579dc7], sa_mask[0]=11111111011111110111111111111111, sa_flags=SA_RESTART|SA_SIGINFO
SIGFPE: [libjvm.dylib+0x45b030], sa_mask[0]=11111111011111110111111111111111, sa_flags=SA_RESTART|SA_SIGINFO
SIGPIPE: [libjvm.dylib+0x45b030], sa_mask[0]=11111111011111110111111111111111, sa_flags=SA_RESTART|SA_SIGINFO
SIGXFSZ: [libjvm.dylib+0x45b030], sa_mask[0]=11111111011111110111111111111111, sa_flags=SA_RESTART|SA_SIGINFO
SIGILL: [libjvm.dylib+0x45b030], sa_mask[0]=11111111011111110111111111111111, sa_flags=SA_RESTART|SA_SIGINFO
SIGUSR1: SIG_DFL, sa_mask[0]=00000000000000000000000000000000, sa_flags=none
SIGUSR2: [libjvm.dylib+0x45ab4e], sa_mask[0]=00100000000000000000000000000000, sa_flags=SA_RESTART|SA_SIGINFO
SIGHUP: [libjvm.dylib+0x459121], sa_mask[0]=11111111011111110111111111111111, sa_flags=SA_RESTART|SA_SIGINFO
SIGINT: [libjvm.dylib+0x459121], sa_mask[0]=11111111011111110111111111111111, sa_flags=SA_RESTART|SA_SIGINFO
SIGTERM: [libjvm.dylib+0x459121], sa_mask[0]=11111111011111110111111111111111, sa_flags=SA_RESTART|SA_SIGINFO
SIGQUIT: [libjvm.dylib+0x459121], sa_mask[0]=11111111011111110111111111111111, sa_flags=SA_RESTART|SA_SIGINFO


---------------  S Y S T E M  ---------------

OS:Bsduname:Darwin 15.5.0 Darwin Kernel Version 15.5.0: Tue Apr 19 18:36:36 PDT 2016; root:xnu-3248.50.21~8/RELEASE_X86_64 x86_64
rlimit: STACK 8192k, CORE 0k, NPROC 709, NOFILE 10240, AS infinity
load average:1.85 2.04 2.08

CPU:total 4 (2 cores per cpu, 2 threads per core) family 6 model 42 stepping 7, cmov, cx8, fxsr, mmx, sse, sse2, sse3, ssse3, sse4.1, sse4.2, popcnt, avx, aes, clmul, ht, tsc, tscinvbit

Memory: 4k page, physical 8388608k(19248k free)

/proc/meminfo:


vm_info: Java HotSpot(TM) 64-Bit Server VM (25.25-b02) for bsd-amd64 JRE (1.8.0_25-b17), built on Sep 17 2014 16:56:50 by "java_re" with gcc 4.2.1 (Based on Apple Inc. build 5658) (LLVM build 2336.11.00)

time: Sun May 13 10:56:45 2018
elapsed time: 6 seconds (0d 0h 0m 6s)

