#
# A fatal error has been detected by the Java Runtime Environment:
#
#  SIGSEGV (0xb) at pc=0x00000001060b8169, pid=50454, tid=30747
#
# JRE version: Java(TM) SE Runtime Environment (8.0_25-b17) (build 1.8.0_25-b17)
# Java VM: Java HotSpot(TM) 64-Bit Server VM (25.25-b02 mixed mode bsd-amd64 compressed oops)
# Problematic frame:
# J 15059 C2 java.util.HashMap.put(Ljava/lang/Object;Ljava/lang/Object;)Ljava/lang/Object; (13 bytes) @ 0x00000001060b8169 [0x00000001060b8080+0xe9]
#
# Failed to write core dump. Core dumps have been disabled. To enable core dumping, try "ulimit -c unlimited" before starting Java again
#
# If you would like to submit a bug report, please visit:
#   http://bugreport.sun.com/bugreport/crash.jsp
#

---------------  T H R E A D  ---------------

Current thread (0x00007f945cdeb000):  JavaThread "Task worker for ':'" [_thread_in_Java, id=30747, stack(0x0000700002486000,0x0000700002586000)]

siginfo: si_signo: 11 (SIGSEGV), si_code: 1 (SEGV_MAPERR), si_addr: 0x000000000000008c

Registers:
RAX=0x00000007b24f2898, RBX=0x000000011b68eea0, RCX=0x00000007b24f2898, RDX=0x00000000ec2c3d30
RSP=0x0000700002583890, RBP=0x00000007b24f2998, RSI=0x000000003e5524e3, RDI=0x00000007b21bbbb0
R8 =0x0000000000000000, R9 =0x000000000000003c, R10=0x0000000000000010, R11=0x0000000000000080
R12=0x0000000000000000, R13=0x000000076161e968, R14=0x0000000080000000, R15=0x00007f945cdeb000
RIP=0x00000001060b8169, EFLAGS=0x0000000000010202, ERR=0x0000000000000004
  TRAPNO=0x000000000000000e

Top of Stack: (sp=0x0000700002583890)
0x0000700002583890:   00000007b21bbbb0 00000007a380713c
0x00007000025838a0:   000000076161e968 00000007b2da2a28
0x00007000025838b0:   00000007c03da3d0 0000000000000000
0x00007000025838c0:   0000700002583d08 0000000105e8423c
0x00007000025838d0:   00000007b2da2700 0000000104417d30
0x00007000025838e0:   0000700002583d08 0000000105eb583c
0x00007000025838f0:   00000007b2392108 00000007b2392158
0x0000700002583900:   0000700002583d08 0000000104661ee4
0x0000700002583910:   0000700002583d08 0000000105eb0ce4
0x0000700002583920:   00000007b2da26e0 0000000104417d30
0x0000700002583930:   00000007b21a1010 00000007b23915a0
0x0000700002583940:   00000007b2da2640 00000007b91fd180
0x0000700002583950:   00000007b2391358 0000000700000010
0x0000700002583960:   00000007b2da1a08 00000007b2da1948
0x0000700002583970:   0000000000000000 00000007b2da28c8
0x0000700002583980:   00007f945cdeb000 00007f945cdeb000
0x0000700002583990:   00007000025839c0 0000000103104550
0x00007000025839a0:   00000007a07541e0 0000000000000000
0x00007000025839b0:   00000007b21bbb78 000000076161e968
0x00007000025839c0:   00000007b2da2a28 00000007b2da1a80
0x00007000025839d0:   00007f945cdeb000 00007f945cdeb000
0x00007000025839e0:   0000700002583d08 000000010478e974
0x00007000025839f0:   0000700002583d08 00000001046f7ee4
0x0000700002583a00:   00000007b2da1a50 0000000000000000
0x0000700002583a10:   00000007b1f626c0 0000700002583a18
0x0000700002583a20:   00000000ec2ed5c5 00000007b2392108
0x0000700002583a30:   0000700002583d08 0000000105cd533c
0x0000700002583a40:   00000007b2da1948 000000010491cff4
0x0000700002583a50:   0000000000000000 00000007b21bbb30
0x0000700002583a60:   00000007b2da1990 00000007b21bbb78
0x0000700002583a70:   000000076161e968 0000000000000000
0x0000700002583a80:   00000007b2da1a50 000000076161ebb8 

Instructions: (pc=0x00000001060b8169)
0x00000001060b8149:   24 08 45 3b cb 0f 83 5a 03 00 00 48 8b c8 4a 8d
0x00000001060b8159:   6c 88 10 44 8b 55 00 45 85 d2 0f 84 00 01 00 00
0x00000001060b8169:   47 8b 5c d4 0c 4b 8d 1c d4 44 3b 5c 24 08 0f 85
0x00000001060b8179:   af 00 00 00 47 8b 44 d4 10 49 8b d0 48 c1 e2 03 

Register to memory mapping:

RAX=0x00000007b24f2898 is an oop
[Ljava.util.HashMap$Node; 
 - klass: 'java/util/HashMap$Node'[]
 - length: 128
RBX={method} {0x000000011b68eea0} 'hashCode' '()I' in 'org/gradle/api/internal/artifacts/DefaultModuleIdentifier'
RCX=0x00000007b24f2898 is an oop
[Ljava.util.HashMap$Node; 
 - klass: 'java/util/HashMap$Node'[]
 - length: 128
RDX=0x00000000ec2c3d30 is an unknown value
RSP=0x0000700002583890 is pointing into the stack for thread: 0x00007f945cdeb000
RBP=0x00000007b24f2998 is an oop

[error occurred during error reporting (printing register info), id 0xb]

Stack: [0x0000700002486000,0x0000700002586000],  sp=0x0000700002583890,  free space=1014k
Native frames: (J=compiled Java code, j=interpreted, Vv=VM code, C=native code)
J 15059 C2 java.util.HashMap.put(Ljava/lang/Object;Ljava/lang/Object;)Ljava/lang/Object; (13 bytes) @ 0x00000001060b8169 [0x00000001060b8080+0xe9]


---------------  P R O C E S S  ---------------

Java Threads: ( => current thread )
  0x00007f945c891800 JavaThread "Task worker for ':' Thread 3" [_thread_blocked, id=30995, stack(0x000070000278f000,0x000070000288f000)]
  0x00007f945cdc9800 JavaThread "Task worker for ':' Thread 2" [_thread_blocked, id=34063, stack(0x0000700002589000,0x0000700002689000)]
=>0x00007f945cdeb000 JavaThread "Task worker for ':'" [_thread_in_Java, id=30747, stack(0x0000700002486000,0x0000700002586000)]
  0x00007f945b11e800 JavaThread "Cache worker for task history cache (/Users/Sahar/Desktop/Projects/Losty/.gradle/4.1/taskHistory)" [_thread_blocked, id=32787, stack(0x0000700002383000,0x0000700002483000)]
  0x00007f945c18f800 JavaThread "Cache worker for file content cache (/Users/Sahar/Desktop/Projects/Losty/.gradle/4.1/fileContent)" [_thread_blocked, id=22799, stack(0x0000700002280000,0x0000700002380000)]
  0x00007f945a70e000 JavaThread "build operations Thread 4" [_thread_blocked, id=12823, stack(0x000070000217d000,0x000070000227d000)]
  0x00007f945d13a000 JavaThread "build operations Thread 3" [_thread_blocked, id=21783, stack(0x000070000207a000,0x000070000217a000)]
  0x00007f945d4cd800 JavaThread "build operations Thread 2" [_thread_blocked, id=33807, stack(0x0000700001f77000,0x0000700002077000)]
  0x00007f945d388800 JavaThread "build operations" [_thread_blocked, id=25903, stack(0x0000700001353000,0x0000700001453000)]
  0x00007f945c444800 JavaThread "Cache worker for Artifact transforms cache (/Users/Sahar/.gradle/caches/transforms-1)" [_thread_blocked, id=34883, stack(0x0000700001456000,0x0000700001556000)]
  0x00007f945c900800 JavaThread "ForkJoinPool.commonPool-worker-1" daemon [_thread_blocked, id=26383, stack(0x0000700001e74000,0x0000700001f74000)]
  0x00007f945d29c800 JavaThread "Cache worker for file hash cache (/Users/Sahar/Desktop/Projects/Losty/.gradle/4.1/fileHashes)" [_thread_blocked, id=14099, stack(0x0000700001d71000,0x0000700001e71000)]
  0x00007f945d2fe000 JavaThread "Stdin handler" [_thread_blocked, id=29727, stack(0x0000700001c6e000,0x0000700001d6e000)]
  0x00007f945d05b000 JavaThread "Asynchronous log dispatcher for DefaultDaemonConnection: socket connection from /127.0.0.1:57539 to /127.0.0.1:57838" [_thread_blocked, id=28699, stack(0x0000700001b6b000,0x0000700001c6b000)]
  0x00007f945f09a000 JavaThread "Daemon worker Thread 4" [_thread_blocked, id=29975, stack(0x0000700001862000,0x0000700001962000)]
  0x00007f945f0dd000 JavaThread "Cancel handler" [_thread_blocked, id=26947, stack(0x000070000175f000,0x000070000185f000)]
  0x00007f945c01f800 JavaThread "Handler for socket connection from /127.0.0.1:57539 to /127.0.0.1:57838" [_thread_in_native, id=21479, stack(0x000070000165c000,0x000070000175c000)]
  0x00007f945c3e4800 JavaThread "Daemon Thread 4" [_thread_blocked, id=27927, stack(0x0000700001559000,0x0000700001659000)]
  0x00007f9459b81800 JavaThread "RMI Reaper" [_thread_blocked, id=36871, stack(0x0000700002ac3000,0x0000700002bc3000)]
  0x00007f945c8be800 JavaThread "RMI TCP Accept-0" daemon [_thread_in_native, id=34311, stack(0x0000700002995000,0x0000700002a95000)]
  0x00007f94599cf800 JavaThread "GC Daemon" daemon [_thread_blocked, id=31239, stack(0x0000700002892000,0x0000700002992000)]
  0x00007f945c11e800 JavaThread "RMI Scheduler(0)" daemon [_thread_blocked, id=35335, stack(0x000070000268c000,0x000070000278c000)]
  0x00007f9459a18000 JavaThread "Memory manager" [_thread_blocked, id=13575, stack(0x0000700000932000,0x0000700000a32000)]
  0x00007f945a34a800 JavaThread "File lock request listener" [_thread_in_native, id=24835, stack(0x0000700001a68000,0x0000700001b68000)]
  0x00007f94598e6800 JavaThread "Cache worker for file hash cache (/Users/Sahar/.gradle/caches/4.1/fileHashes)" [_thread_blocked, id=24323, stack(0x0000700001965000,0x0000700001a65000)]
  0x00007f9459ad6000 JavaThread "Daemon periodic checks" [_thread_blocked, id=20739, stack(0x0000700001250000,0x0000700001350000)]
  0x00007f945a2fa000 JavaThread "Incoming local TCP Connector on port 57539" [_thread_in_native, id=20227, stack(0x000070000114d000,0x000070000124d000)]
  0x00007f945aa46000 JavaThread "Daemon health stats" [_thread_blocked, id=19715, stack(0x000070000104a000,0x000070000114a000)]
  0x00007f945a84b000 JavaThread "Service Thread" daemon [_thread_blocked, id=18691, stack(0x0000700000e44000,0x0000700000f44000)]
  0x00007f945a803800 JavaThread "C1 CompilerThread2" daemon [_thread_blocked, id=18179, stack(0x0000700000d41000,0x0000700000e41000)]
  0x00007f945a802800 JavaThread "C2 CompilerThread1" daemon [_thread_blocked, id=17667, stack(0x0000700000c3e000,0x0000700000d3e000)]
  0x00007f945a80a000 JavaThread "C2 CompilerThread0" daemon [_thread_blocked, id=17155, stack(0x0000700000b3b000,0x0000700000c3b000)]
  0x00007f945a033000 JavaThread "Signal Dispatcher" daemon [_thread_blocked, id=13071, stack(0x0000700000a38000,0x0000700000b38000)]
  0x00007f945a01b800 JavaThread "Finalizer" daemon [_thread_blocked, id=12291, stack(0x000070000082f000,0x000070000092f000)]
  0x00007f945a01b000 JavaThread "Reference Handler" daemon [_thread_blocked, id=11779, stack(0x000070000072c000,0x000070000082c000)]
  0x00007f945a002000 JavaThread "main" [_thread_blocked, id=5891, stack(0x000070000011a000,0x000070000021a000)]

Other Threads:
  0x00007f945a016800 VMThread [stack: 0x0000700000629000,0x0000700000729000] [id=11267]
  0x00007f9459853800 WatcherThread [stack: 0x0000700000f47000,0x0000700001047000] [id=19203]

VM state:not at safepoint (normal execution)

VM Mutex/Monitor currently owned by a thread: None

Heap:
 PSYoungGen      total 378368K, used 335311K [0x00000007a0000000, 0x00000007bc080000, 0x00000007c0000000)
  eden space 330240K, 93% used [0x00000007a0000000,0x00000007b2dc2508,0x00000007b4280000)
  from space 48128K, 54% used [0x00000007b9180000,0x00000007bab31980,0x00000007bc080000)
  to   space 64512K, 0% used [0x00000007b4280000,0x00000007b4280000,0x00000007b8180000)
 ParOldGen       total 300032K, used 216775K [0x0000000760000000, 0x0000000772500000, 0x00000007a0000000)
  object space 300032K, 72% used [0x0000000760000000,0x000000076d3b1cc0,0x0000000772500000)
 Metaspace       used 80015K, capacity 83626K, committed 83800K, reserved 1122304K
  class space    used 10549K, capacity 11276K, committed 11392K, reserved 1048576K

Card table byte_map: [0x0000000112f22000,0x0000000113223000] byte_map_base: 0x000000010f422000

Marking Bits: (ParMarkBitMap*) 0x000000010349d390
 Begin Bits: [0x0000000113423000, 0x0000000114c23000)
 End Bits:   [0x0000000114c23000, 0x0000000116423000)

Polling page: 0x00000001023ff000

CodeCache: size=245760Kb used=43156Kb max_used=43168Kb free=202603Kb
 bounds [0x0000000103b62000, 0x00000001065d2000, 0x0000000112b62000]
 total_blobs=14227 nmethods=13356 adapters=783
 compilation: enabled

Compilation events (10 events):
Event: 1939.878 Thread 0x00007f945a803800 17261       1       org.gradle.api.internal.artifacts.repositories.resolver.ExternalResourceResolver$NoOpResourceAwareResolveResult::attempted (1 bytes)
Event: 1939.878 Thread 0x00007f945a803800 nmethod 17261 0x00000001065bc210 code [0x00000001065bc360, 0x00000001065bc470]
Event: 1939.909 Thread 0x00007f945a803800 17262       3       java.io.ObjectInputStream$BlockDataInputStream::currentBlockRemaining (41 bytes)
Event: 1939.909 Thread 0x00007f945a803800 nmethod 17262 0x00000001065c1090 code [0x00000001065c1200, 0x00000001065c14a8]
Event: 1939.924 Thread 0x00007f945a802800 17263       4       java.util.Arrays$ArrayList::contains (15 bytes)
Event: 1939.926 Thread 0x00007f945a80a000 17264       4       org.gradle.internal.resolve.result.DefaultBuildableComponentResolveResult::hasResult (20 bytes)
Event: 1939.927 Thread 0x00007f945a80a000 nmethod 17264 0x00000001060149d0 code [0x0000000106014b20, 0x0000000106014bb8]
Event: 1939.931 Thread 0x00007f945a802800 nmethod 17263 0x00000001065cc910 code [0x00000001065cca80, 0x00000001065ccef8]
Event: 1939.934 Thread 0x00007f945a80a000 17265       4       org.gradle.internal.resource.local.AbstractLocallyAvailableResourceFinder::findCandidates (21 bytes)
Event: 1939.938 Thread 0x00007f945a80a000 nmethod 17265 0x00000001065cd090 code [0x00000001065cd220, 0x00000001065cd558]

GC Heap History (10 events):
Event: 1602.933 GC heap before
{Heap before GC invocations=24 (full 4):
 PSYoungGen      total 443392K, used 367457K [0x00000007a0000000, 0x00000007bfe80000, 0x00000007c0000000)
  eden space 365568K, 100% used [0x00000007a0000000,0x00000007b6500000,0x00000007b6500000)
  from space 77824K, 2% used [0x00000007b6500000,0x00000007b66d8540,0x00000007bb100000)
  to   space 77312K, 0% used [0x00000007bb300000,0x00000007bb300000,0x00000007bfe80000)
 ParOldGen       total 300032K, used 216735K [0x0000000760000000, 0x0000000772500000, 0x00000007a0000000)
  object space 300032K, 72% used [0x0000000760000000,0x000000076d3a7cc0,0x0000000772500000)
 Metaspace       used 72935K, capacity 75946K, committed 76120K, reserved 1116160K
  class space    used 9735K, capacity 10339K, committed 10368K, reserved 1048576K
Event: 1602.945 GC heap after
Heap after GC invocations=24 (full 4):
 PSYoungGen      total 442368K, used 10818K [0x00000007a0000000, 0x00000007bfa80000, 0x00000007c0000000)
  eden space 369152K, 0% used [0x00000007a0000000,0x00000007a0000000,0x00000007b6880000)
  from space 73216K, 14% used [0x00000007bb300000,0x00000007bbd90a98,0x00000007bfa80000)
  to   space 74752K, 0% used [0x00000007b6880000,0x00000007b6880000,0x00000007bb180000)
 ParOldGen       total 300032K, used 216743K [0x0000000760000000, 0x0000000772500000, 0x00000007a0000000)
  object space 300032K, 72% used [0x0000000760000000,0x000000076d3a9cc0,0x0000000772500000)
 Metaspace       used 72935K, capacity 75946K, committed 76120K, reserved 1116160K
  class space    used 9735K, capacity 10339K, committed 10368K, reserved 1048576K
}
Event: 1613.826 GC heap before
{Heap before GC invocations=25 (full 4):
 PSYoungGen      total 442368K, used 379970K [0x00000007a0000000, 0x00000007bfa80000, 0x00000007c0000000)
  eden space 369152K, 100% used [0x00000007a0000000,0x00000007b6880000,0x00000007b6880000)
  from space 73216K, 14% used [0x00000007bb300000,0x00000007bbd90a98,0x00000007bfa80000)
  to   space 74752K, 0% used [0x00000007b6880000,0x00000007b6880000,0x00000007bb180000)
 ParOldGen       total 300032K, used 216743K [0x0000000760000000, 0x0000000772500000, 0x00000007a0000000)
  object space 300032K, 72% used [0x0000000760000000,0x000000076d3a9cc0,0x0000000772500000)
 Metaspace       used 73610K, capacity 76622K, committed 76760K, reserved 1116160K
  class space    used 9794K, capacity 10397K, committed 10496K, reserved 1048576K
Event: 1613.854 GC heap after
Heap after GC invocations=25 (full 4):
 PSYoungGen      total 443904K, used 28932K [0x00000007a0000000, 0x00000007bfb80000, 0x00000007c0000000)
  eden space 369152K, 0% used [0x00000007a0000000,0x00000007a0000000,0x00000007b6880000)
  from space 74752K, 38% used [0x00000007b6880000,0x00000007b84c1140,0x00000007bb180000)
  to   space 71680K, 0% used [0x00000007bb580000,0x00000007bb580000,0x00000007bfb80000)
 ParOldGen       total 300032K, used 216751K [0x0000000760000000, 0x0000000772500000, 0x00000007a0000000)
  object space 300032K, 72% used [0x0000000760000000,0x000000076d3abcc0,0x0000000772500000)
 Metaspace       used 73610K, capacity 76622K, committed 76760K, reserved 1116160K
  class space    used 9794K, capacity 10397K, committed 10496K, reserved 1048576K
}
Event: 1817.014 GC heap before
{Heap before GC invocations=26 (full 4):
 PSYoungGen      total 443904K, used 398084K [0x00000007a0000000, 0x00000007bfb80000, 0x00000007c0000000)
  eden space 369152K, 100% used [0x00000007a0000000,0x00000007b6880000,0x00000007b6880000)
  from space 74752K, 38% used [0x00000007b6880000,0x00000007b84c1140,0x00000007bb180000)
  to   space 71680K, 0% used [0x00000007bb580000,0x00000007bb580000,0x00000007bfb80000)
 ParOldGen       total 300032K, used 216751K [0x0000000760000000, 0x0000000772500000, 0x00000007a0000000)
  object space 300032K, 72% used [0x0000000760000000,0x000000076d3abcc0,0x0000000772500000)
 Metaspace       used 79100K, capacity 82510K, committed 82776K, reserved 1120256K
  class space    used 10470K, capacity 11120K, committed 11136K, reserved 1048576K
Event: 1817.056 GC heap after
Heap after GC invocations=26 (full 4):
 PSYoungGen      total 397824K, used 26941K [0x00000007a0000000, 0x00000007bdf00000, 0x00000007c0000000)
  eden space 355328K, 0% used [0x00000007a0000000,0x00000007a0000000,0x00000007b5b00000)
  from space 42496K, 63% used [0x00000007bb580000,0x00000007bcfcf460,0x00000007bdf00000)
  to   space 67584K, 0% used [0x00000007b5b00000,0x00000007b5b00000,0x00000007b9d00000)
 ParOldGen       total 300032K, used 216759K [0x0000000760000000, 0x0000000772500000, 0x00000007a0000000)
  object space 300032K, 72% used [0x0000000760000000,0x000000076d3adcc0,0x0000000772500000)
 Metaspace       used 79100K, capacity 82510K, committed 82776K, reserved 1120256K
  class space    used 10470K, capacity 11120K, committed 11136K, reserved 1048576K
}
Event: 1821.006 GC heap before
{Heap before GC invocations=27 (full 4):
 PSYoungGen      total 397824K, used 382269K [0x00000007a0000000, 0x00000007bdf00000, 0x00000007c0000000)
  eden space 355328K, 100% used [0x00000007a0000000,0x00000007b5b00000,0x00000007b5b00000)
  from space 42496K, 63% used [0x00000007bb580000,0x00000007bcfcf460,0x00000007bdf00000)
  to   space 67584K, 0% used [0x00000007b5b00000,0x00000007b5b00000,0x00000007b9d00000)
 ParOldGen       total 300032K, used 216759K [0x0000000760000000, 0x0000000772500000, 0x00000007a0000000)
  object space 300032K, 72% used [0x0000000760000000,0x000000076d3adcc0,0x0000000772500000)
 Metaspace       used 79263K, capacity 82590K, committed 82776K, reserved 1120256K
  class space    used 10481K, capacity 11136K, committed 11136K, reserved 1048576K
Event: 1821.039 GC heap after
Heap after GC invocations=27 (full 4):
 PSYoungGen      total 380928K, used 38317K [0x00000007a0000000, 0x00000007bd480000, 0x00000007c0000000)
  eden space 342528K, 0% used [0x00000007a0000000,0x00000007a0000000,0x00000007b4e80000)
  from space 38400K, 99% used [0x00000007b5b00000,0x00000007b806b530,0x00000007b8080000)
  to   space 68608K, 0% used [0x00000007b9180000,0x00000007b9180000,0x00000007bd480000)
 ParOldGen       total 300032K, used 216767K [0x0000000760000000, 0x0000000772500000, 0x00000007a0000000)
  object space 300032K, 72% used [0x0000000760000000,0x000000076d3afcc0,0x0000000772500000)
 Metaspace       used 79263K, capacity 82590K, committed 82776K, reserved 1120256K
  class space    used 10481K, capacity 11136K, committed 11136K, reserved 1048576K
}
Event: 1937.923 GC heap before
{Heap before GC invocations=28 (full 4):
 PSYoungGen      total 380928K, used 380845K [0x00000007a0000000, 0x00000007bd480000, 0x00000007c0000000)
  eden space 342528K, 100% used [0x00000007a0000000,0x00000007b4e80000,0x00000007b4e80000)
  from space 38400K, 99% used [0x00000007b5b00000,0x00000007b806b530,0x00000007b8080000)
  to   space 68608K, 0% used [0x00000007b9180000,0x00000007b9180000,0x00000007bd480000)
 ParOldGen       total 300032K, used 216767K [0x0000000760000000, 0x0000000772500000, 0x00000007a0000000)
  object space 300032K, 72% used [0x0000000760000000,0x000000076d3afcc0,0x0000000772500000)
 Metaspace       used 79855K, capacity 83510K, committed 83672K, reserved 1122304K
  class space    used 10540K, capacity 11260K, committed 11264K, reserved 1048576K
Event: 1937.989 GC heap after
Heap after GC invocations=28 (full 4):
 PSYoungGen      total 378368K, used 26310K [0x00000007a0000000, 0x00000007bc080000, 0x00000007c0000000)
  eden space 330240K, 0% used [0x00000007a0000000,0x00000007a0000000,0x00000007b4280000)
  from space 48128K, 54% used [0x00000007b9180000,0x00000007bab31980,0x00000007bc080000)
  to   space 64512K, 0% used [0x00000007b4280000,0x00000007b4280000,0x00000007b8180000)
 ParOldGen       total 300032K, used 216775K [0x0000000760000000, 0x0000000772500000, 0x00000007a0000000)
  object space 300032K, 72% used [0x0000000760000000,0x000000076d3b1cc0,0x0000000772500000)
 Metaspace       used 79855K, capacity 83510K, committed 83672K, reserved 1122304K
  class space    used 10540K, capacity 11260K, committed 11264K, reserved 1048576K
}

Deoptimization events (10 events):
Event: 1825.541 Thread 0x00007f945c444800 Uncommon trap: reason=unreached action=reinterpret pc=0x00000001061cf15c method=java.util.RegularEnumSet.contains(Ljava/lang/Object;)Z @ 16
Event: 1825.662 Thread 0x00007f945c444800 Uncommon trap: reason=range_check action=make_not_entrant pc=0x00000001060a4d54 method=java.lang.Character.codePointAtImpl([CII)I @ 2
Event: 1825.708 Thread 0x00007f945c444800 Uncommon trap: reason=unloaded action=reinterpret pc=0x00000001061249ac method=com.sun.tools.javac.jvm.ClassReader.readPool(I)Ljava/lang/Object; @ 390
Event: 1936.061 Thread 0x00007f945f09a000 Uncommon trap: reason=class_check action=maybe_recompile pc=0x00000001057c5c78 method=java.util.Collections$UnmodifiableMap$UnmodifiableEntrySet$UnmodifiableEntry.<init>(Ljava/util/Map$Entry;)V @ 9
Event: 1936.061 Thread 0x00007f945f09a000 Uncommon trap: reason=class_check action=maybe_recompile pc=0x00000001057c5c78 method=java.util.Collections$UnmodifiableMap$UnmodifiableEntrySet$UnmodifiableEntry.<init>(Ljava/util/Map$Entry;)V @ 9
Event: 1936.061 Thread 0x00007f945f09a000 Uncommon trap: reason=class_check action=maybe_recompile pc=0x00000001057c5c78 method=java.util.Collections$UnmodifiableMap$UnmodifiableEntrySet$UnmodifiableEntry.<init>(Ljava/util/Map$Entry;)V @ 9
Event: 1936.061 Thread 0x00007f945f09a000 Uncommon trap: reason=class_check action=maybe_recompile pc=0x00000001057c5c78 method=java.util.Collections$UnmodifiableMap$UnmodifiableEntrySet$UnmodifiableEntry.<init>(Ljava/util/Map$Entry;)V @ 9
Event: 1936.318 Thread 0x00007f945f09a000 Uncommon trap: reason=speculate_class_check action=maybe_recompile pc=0x00000001064c9b2c method=java.nio.charset.CharsetEncoder.encode(Ljava/nio/CharBuffer;Ljava/nio/ByteBuffer;Z)Ljava/nio/charset/CoderResult; @ 57
Event: 1936.391 Thread 0x00007f945f09a000 Uncommon trap: reason=speculate_class_check action=maybe_recompile pc=0x00000001064c9b2c method=java.nio.charset.CharsetEncoder.encode(Ljava/nio/CharBuffer;Ljava/nio/ByteBuffer;Z)Ljava/nio/charset/CoderResult; @ 57
Event: 1939.516 Thread 0x00007f945f09a000 Uncommon trap: reason=unloaded action=reinterpret pc=0x00000001050411fc method=sun.reflect.annotation.AnnotationParser.parseAnnotation2(Ljava/nio/ByteBuffer;Lsun/reflect/ConstantPool;Ljava/lang/Class;Z[Ljava/lang/Class;)Ljava/lang/annotation/Annotation; @

Internal exceptions (10 events):
Event: 1938.601 Thread 0x00007f945f09a000 Exception <a 'sun/nio/fs/UnixException'> (0x00000007a1dd4eb8) thrown at [/HUDSON3/workspace/8-2-build-macosx-x86_64/jdk8u25/1514/hotspot/src/share/vm/prims/jni.cpp, line 716]
Event: 1938.601 Thread 0x00007f945f09a000 Exception <a 'sun/nio/fs/UnixException'> (0x00000007a1dd7048) thrown at [/HUDSON3/workspace/8-2-build-macosx-x86_64/jdk8u25/1514/hotspot/src/share/vm/prims/jni.cpp, line 716]
Event: 1938.601 Thread 0x00007f945f09a000 Exception <a 'sun/nio/fs/UnixException'> (0x00000007a1dd8198) thrown at [/HUDSON3/workspace/8-2-build-macosx-x86_64/jdk8u25/1514/hotspot/src/share/vm/prims/jni.cpp, line 716]
Event: 1938.601 Thread 0x00007f945f09a000 Exception <a 'sun/nio/fs/UnixException'> (0x00000007a1ddc440) thrown at [/HUDSON3/workspace/8-2-build-macosx-x86_64/jdk8u25/1514/hotspot/src/share/vm/prims/jni.cpp, line 716]
Event: 1938.601 Thread 0x00007f945f09a000 Exception <a 'sun/nio/fs/UnixException'> (0x00000007a1ddd470) thrown at [/HUDSON3/workspace/8-2-build-macosx-x86_64/jdk8u25/1514/hotspot/src/share/vm/prims/jni.cpp, line 716]
Event: 1939.515 Thread 0x00007f945f09a000 Exception <a 'java/security/PrivilegedActionException'> (0x00000007b1d4c5c8) thrown at [/HUDSON3/workspace/8-2-build-macosx-x86_64/jdk8u25/1514/hotspot/src/share/vm/prims/jvm.cpp, line 1312]
Event: 1939.516 Thread 0x00007f945f09a000 Exception <a 'java/security/PrivilegedActionException'> (0x00000007b1d5c6f0) thrown at [/HUDSON3/workspace/8-2-build-macosx-x86_64/jdk8u25/1514/hotspot/src/share/vm/prims/jvm.cpp, line 1312]
Event: 1939.516 Thread 0x00007f945f09a000 Exception <a 'java/security/PrivilegedActionException'> (0x00000007b1d87760) thrown at [/HUDSON3/workspace/8-2-build-macosx-x86_64/jdk8u25/1514/hotspot/src/share/vm/prims/jvm.cpp, line 1312]
Event: 1939.517 Thread 0x00007f945f09a000 Exception <a 'java/security/PrivilegedActionException'> (0x00000007b1da6060) thrown at [/HUDSON3/workspace/8-2-build-macosx-x86_64/jdk8u25/1514/hotspot/src/share/vm/prims/jvm.cpp, line 1312]
Event: 1939.939 Thread 0x00007f945cdeb000 Implicit null exception at 0x00000001060b8169 to 0x0000000000000000

Events (10 events):
Event: 1939.696 Thread 0x00007f945cdc9800 Thread added: 0x00007f945cdc9800
Event: 1939.696 Thread 0x00007f945c891800 Thread added: 0x00007f945c891800
Event: 1939.704 Executing VM operation: RevokeBias
Event: 1939.704 Executing VM operation: RevokeBias done
Event: 1939.704 Executing VM operation: RevokeBias
Event: 1939.704 Executing VM operation: RevokeBias done
Event: 1939.704 Executing VM operation: RevokeBias
Event: 1939.704 Executing VM operation: RevokeBias done
Event: 1939.706 Executing VM operation: RevokeBias
Event: 1939.706 Executing VM operation: RevokeBias done


Dynamic libraries:
0x00000000076ea000 	/System/Library/Frameworks/Cocoa.framework/Versions/A/Cocoa
0x00000000076ea000 	/System/Library/Frameworks/Security.framework/Versions/A/Security
0x00000000076ea000 	/System/Library/Frameworks/ApplicationServices.framework/Versions/A/ApplicationServices
0x00000000076ea000 	/usr/lib/libz.1.dylib
0x00000000076ea000 	/usr/lib/libSystem.B.dylib
0x00000000076ea000 	/usr/lib/libobjc.A.dylib
0x00000000076ea000 	/System/Library/Frameworks/CoreFoundation.framework/Versions/A/CoreFoundation
0x00000000076ea000 	/System/Library/Frameworks/Foundation.framework/Versions/C/Foundation
0x00000000076ea000 	/System/Library/Frameworks/AppKit.framework/Versions/C/AppKit
0x00000000076ea000 	/System/Library/Frameworks/CoreData.framework/Versions/A/CoreData
0x00000000076ea000 	/System/Library/PrivateFrameworks/RemoteViewServices.framework/Versions/A/RemoteViewServices
0x00000000076ea000 	/System/Library/PrivateFrameworks/UIFoundation.framework/Versions/A/UIFoundation
0x00000000076ea000 	/usr/lib/libScreenReader.dylib
0x00000000076ea000 	/System/Library/Frameworks/Accelerate.framework/Versions/A/Accelerate
0x00000000076ea000 	/System/Library/Frameworks/IOSurface.framework/Versions/A/IOSurface
0x00000000076ea000 	/System/Library/Frameworks/AudioToolbox.framework/Versions/A/AudioToolbox
0x00000000076ea000 	/System/Library/Frameworks/AudioUnit.framework/Versions/A/AudioUnit
0x00000000076ea000 	/System/Library/PrivateFrameworks/DataDetectorsCore.framework/Versions/A/DataDetectorsCore
0x00000000076ea000 	/System/Library/PrivateFrameworks/DesktopServicesPriv.framework/Versions/A/DesktopServicesPriv
0x00000000076ea000 	/System/Library/Frameworks/Carbon.framework/Versions/A/Frameworks/HIToolbox.framework/Versions/A/HIToolbox
0x00000000076ea000 	/System/Library/Frameworks/QuartzCore.framework/Versions/A/QuartzCore
0x00000000076ea000 	/System/Library/Frameworks/Carbon.framework/Versions/A/Frameworks/SpeechRecognition.framework/Versions/A/SpeechRecognition
0x00000000076ea000 	/usr/lib/libauto.dylib
0x00000000076ea000 	/usr/lib/libicucore.A.dylib
0x00000000076ea000 	/usr/lib/libxml2.2.dylib
0x00000000076ea000 	/System/Library/PrivateFrameworks/CoreUI.framework/Versions/A/CoreUI
0x00000000076ea000 	/System/Library/Frameworks/CoreAudio.framework/Versions/A/CoreAudio
0x00000000076ea000 	/System/Library/Frameworks/DiskArbitration.framework/Versions/A/DiskArbitration
0x00000000076ea000 	/usr/lib/liblangid.dylib
0x00000000076ea000 	/System/Library/PrivateFrameworks/MultitouchSupport.framework/Versions/A/MultitouchSupport
0x00000000076ea000 	/System/Library/Frameworks/IOKit.framework/Versions/A/IOKit
0x00000000076ea000 	/usr/lib/libDiagnosticMessagesClient.dylib
0x00000000076ea000 	/System/Library/Frameworks/CoreServices.framework/Versions/A/CoreServices
0x00000000076ea000 	/System/Library/PrivateFrameworks/PerformanceAnalysis.framework/Versions/A/PerformanceAnalysis
0x00000000076ea000 	/System/Library/PrivateFrameworks/GenerationalStorage.framework/Versions/A/GenerationalStorage
0x00000000076ea000 	/System/Library/Frameworks/OpenGL.framework/Versions/A/OpenGL
0x00000000076ea000 	/System/Library/PrivateFrameworks/Sharing.framework/Versions/A/Sharing
0x00000000076ea000 	/System/Library/Frameworks/CoreGraphics.framework/Versions/A/CoreGraphics
0x00000000076ea000 	/System/Library/Frameworks/CoreImage.framework/Versions/A/CoreImage
0x00000000076ea000 	/System/Library/Frameworks/CoreText.framework/Versions/A/CoreText
0x00000000076ea000 	/System/Library/Frameworks/ImageIO.framework/Versions/A/ImageIO
0x00000000076ea000 	/System/Library/PrivateFrameworks/Backup.framework/Versions/A/Backup
0x00000000076ea000 	/usr/lib/libextension.dylib
0x00000000076ea000 	/usr/lib/libarchive.2.dylib
0x00000000076ea000 	/System/Library/Frameworks/CFNetwork.framework/Versions/A/CFNetwork
0x00000000076ea000 	/System/Library/Frameworks/SystemConfiguration.framework/Versions/A/SystemConfiguration
0x00000000076ea000 	/usr/lib/libCRFSuite.dylib
0x00000000076ea000 	/usr/lib/libc++.1.dylib
0x00000000076ea000 	/usr/lib/libc++abi.dylib
0x00000000076ea000 	/usr/lib/system/libcache.dylib
0x00000000076ea000 	/usr/lib/system/libcommonCrypto.dylib
0x00000000076ea000 	/usr/lib/system/libcompiler_rt.dylib
0x00000000076ea000 	/usr/lib/system/libcopyfile.dylib
0x00000000076ea000 	/usr/lib/system/libcorecrypto.dylib
0x00000000076ea000 	/usr/lib/system/libdispatch.dylib
0x00000000076ea000 	/usr/lib/system/libdyld.dylib
0x00000000076ea000 	/usr/lib/system/libkeymgr.dylib
0x00000000076ea000 	/usr/lib/system/liblaunch.dylib
0x00000000076ea000 	/usr/lib/system/libmacho.dylib
0x00000000076ea000 	/usr/lib/system/libquarantine.dylib
0x00000000076ea000 	/usr/lib/system/libremovefile.dylib
0x00000000076ea000 	/usr/lib/system/libsystem_asl.dylib
0x00000000076ea000 	/usr/lib/system/libsystem_blocks.dylib
0x00000000076ea000 	/usr/lib/system/libsystem_c.dylib
0x00000000076ea000 	/usr/lib/system/libsystem_configuration.dylib
0x00000000076ea000 	/usr/lib/system/libsystem_coreservices.dylib
0x00000000076ea000 	/usr/lib/system/libsystem_coretls.dylib
0x00000000076ea000 	/usr/lib/system/libsystem_dnssd.dylib
0x00000000076ea000 	/usr/lib/system/libsystem_info.dylib
0x00000000076ea000 	/usr/lib/system/libsystem_kernel.dylib
0x00000000076ea000 	/usr/lib/system/libsystem_m.dylib
0x00000000076ea000 	/usr/lib/system/libsystem_malloc.dylib
0x00000000076ea000 	/usr/lib/system/libsystem_network.dylib
0x00000000076ea000 	/usr/lib/system/libsystem_networkextension.dylib
0x00000000076ea000 	/usr/lib/system/libsystem_notify.dylib
0x00000000076ea000 	/usr/lib/system/libsystem_platform.dylib
0x00000000076ea000 	/usr/lib/system/libsystem_pthread.dylib
0x00000000076ea000 	/usr/lib/system/libsystem_sandbox.dylib
0x00000000076ea000 	/usr/lib/system/libsystem_secinit.dylib
0x00000000076ea000 	/usr/lib/system/libsystem_trace.dylib
0x00000000076ea000 	/usr/lib/system/libunc.dylib
0x00000000076ea000 	/usr/lib/system/libunwind.dylib
0x00000000076ea000 	/usr/lib/system/libxpc.dylib
0x00000000076ea000 	/usr/lib/libenergytrace.dylib
0x00000000076ea000 	/usr/lib/libbsm.0.dylib
0x00000000076ea000 	/usr/lib/system/libkxld.dylib
0x00000000076ea000 	/usr/lib/libxar.1.dylib
0x00000000076ea000 	/usr/lib/libsqlite3.dylib
0x00000000076ea000 	/usr/lib/libpam.2.dylib
0x00000000076ea000 	/usr/lib/libOpenScriptingUtil.dylib
0x00000000076ea000 	/usr/lib/libbz2.1.0.dylib
0x00000000076ea000 	/usr/lib/liblzma.5.dylib
0x00000000076ea000 	/System/Library/Frameworks/CoreServices.framework/Versions/A/Frameworks/FSEvents.framework/Versions/A/FSEvents
0x00000000076ea000 	/System/Library/Frameworks/CoreServices.framework/Versions/A/Frameworks/CarbonCore.framework/Versions/A/CarbonCore
0x00000000076ea000 	/System/Library/Frameworks/CoreServices.framework/Versions/A/Frameworks/Metadata.framework/Versions/A/Metadata
0x00000000076ea000 	/System/Library/Frameworks/CoreServices.framework/Versions/A/Frameworks/OSServices.framework/Versions/A/OSServices
0x00000000076ea000 	/System/Library/Frameworks/CoreServices.framework/Versions/A/Frameworks/SearchKit.framework/Versions/A/SearchKit
0x00000000076ea000 	/System/Library/Frameworks/CoreServices.framework/Versions/A/Frameworks/AE.framework/Versions/A/AE
0x00000000076ea000 	/System/Library/Frameworks/CoreServices.framework/Versions/A/Frameworks/LaunchServices.framework/Versions/A/LaunchServices
0x00000000076ea000 	/System/Library/Frameworks/CoreServices.framework/Versions/A/Frameworks/DictionaryServices.framework/Versions/A/DictionaryServices
0x00000000076ea000 	/System/Library/Frameworks/CoreServices.framework/Versions/A/Frameworks/SharedFileList.framework/Versions/A/SharedFileList
0x00000000076ea000 	/System/Library/Frameworks/NetFS.framework/Versions/A/NetFS
0x00000000076ea000 	/System/Library/PrivateFrameworks/NetAuth.framework/Versions/A/NetAuth
0x00000000076ea000 	/System/Library/PrivateFrameworks/login.framework/Versions/A/Frameworks/loginsupport.framework/Versions/A/loginsupport
0x00000000076ea000 	/System/Library/PrivateFrameworks/TCC.framework/Versions/A/TCC
0x00000000076ea000 	/usr/lib/libmecabra.dylib
0x00000000076ea000 	/System/Library/Frameworks/ApplicationServices.framework/Versions/A/Frameworks/ATS.framework/Versions/A/ATS
0x00000000076ea000 	/System/Library/Frameworks/ApplicationServices.framework/Versions/A/Frameworks/ColorSync.framework/Versions/A/ColorSync
0x00000000076ea000 	/System/Library/Frameworks/ApplicationServices.framework/Versions/A/Frameworks/HIServices.framework/Versions/A/HIServices
0x00000000076ea000 	/System/Library/Frameworks/ApplicationServices.framework/Versions/A/Frameworks/LangAnalysis.framework/Versions/A/LangAnalysis
0x00000000076ea000 	/System/Library/Frameworks/ApplicationServices.framework/Versions/A/Frameworks/PrintCore.framework/Versions/A/PrintCore
0x00000000076ea000 	/System/Library/Frameworks/ApplicationServices.framework/Versions/A/Frameworks/QD.framework/Versions/A/QD
0x00000000076ea000 	/System/Library/Frameworks/ApplicationServices.framework/Versions/A/Frameworks/SpeechSynthesis.framework/Versions/A/SpeechSynthesis
0x00000000076ea000 	/System/Library/Frameworks/Metal.framework/Versions/A/Metal
0x00000000076ea000 	/System/Library/Frameworks/Accelerate.framework/Versions/A/Frameworks/vImage.framework/Versions/A/vImage
0x00000000076ea000 	/System/Library/Frameworks/Accelerate.framework/Versions/A/Frameworks/vecLib.framework/Versions/A/vecLib
0x00000000076ea000 	/System/Library/Frameworks/Accelerate.framework/Versions/A/Frameworks/vecLib.framework/Versions/A/libvDSP.dylib
0x00000000076ea000 	/System/Library/Frameworks/Accelerate.framework/Versions/A/Frameworks/vecLib.framework/Versions/A/libvMisc.dylib
0x00000000076ea000 	/System/Library/Frameworks/Accelerate.framework/Versions/A/Frameworks/vecLib.framework/Versions/A/libLAPACK.dylib
0x00000000076ea000 	/System/Library/Frameworks/Accelerate.framework/Versions/A/Frameworks/vecLib.framework/Versions/A/libBLAS.dylib
0x00000000076ea000 	/System/Library/Frameworks/Accelerate.framework/Versions/A/Frameworks/vecLib.framework/Versions/A/libLinearAlgebra.dylib
0x00000000076ea000 	/System/Library/Frameworks/Accelerate.framework/Versions/A/Frameworks/vecLib.framework/Versions/A/libSparseBLAS.dylib
0x00000000076ea000 	/System/Library/PrivateFrameworks/GPUCompiler.framework/libmetal_timestamp.dylib
0x00000000076ea000 	/System/Library/Frameworks/OpenGL.framework/Versions/A/Libraries/libCoreFSCache.dylib
0x00000000076ea000 	/System/Library/PrivateFrameworks/IOAccelerator.framework/Versions/A/IOAccelerator
0x00000000076ea000 	/System/Library/Frameworks/ApplicationServices.framework/Versions/A/Frameworks/ATS.framework/Versions/A/Resources/libFontParser.dylib
0x00000000076ea000 	/System/Library/Frameworks/ApplicationServices.framework/Versions/A/Frameworks/ATS.framework/Versions/A/Resources/libFontRegistry.dylib
0x00000000076ea000 	/System/Library/PrivateFrameworks/AppleVPA.framework/Versions/A/AppleVPA
0x00000000076ea000 	/System/Library/PrivateFrameworks/AppleJPEG.framework/Versions/A/AppleJPEG
0x00000000076ea000 	/System/Library/Frameworks/ImageIO.framework/Versions/A/Resources/libJPEG.dylib
0x00000000076ea000 	/System/Library/Frameworks/ImageIO.framework/Versions/A/Resources/libTIFF.dylib
0x00000000076ea000 	/System/Library/Frameworks/ImageIO.framework/Versions/A/Resources/libPng.dylib
0x00000000076ea000 	/System/Library/Frameworks/ImageIO.framework/Versions/A/Resources/libGIF.dylib
0x00000000076ea000 	/System/Library/Frameworks/ImageIO.framework/Versions/A/Resources/libJP2.dylib
0x00000000076ea000 	/System/Library/Frameworks/ImageIO.framework/Versions/A/Resources/libRadiance.dylib
0x00000000076ea000 	/System/Library/Frameworks/CoreVideo.framework/Versions/A/CoreVideo
0x00000000076ea000 	/System/Library/Frameworks/OpenGL.framework/Versions/A/Libraries/libGLU.dylib
0x00000000076ea000 	/System/Library/Frameworks/OpenGL.framework/Versions/A/Libraries/libGFXShared.dylib
0x00000000076ea000 	/System/Library/Frameworks/OpenGL.framework/Versions/A/Libraries/libGL.dylib
0x00000000076ea000 	/System/Library/Frameworks/OpenGL.framework/Versions/A/Libraries/libGLImage.dylib
0x00000000076ea000 	/System/Library/Frameworks/OpenGL.framework/Versions/A/Libraries/libCVMSPluginSupport.dylib
0x00000000076ea000 	/System/Library/Frameworks/OpenGL.framework/Versions/A/Libraries/libCoreVMClient.dylib
0x00000000076ea000 	/usr/lib/libcompression.dylib
0x00000000076ea000 	/usr/lib/libcups.2.dylib
0x00000000076ea000 	/System/Library/Frameworks/Kerberos.framework/Versions/A/Kerberos
0x00000000076ea000 	/System/Library/Frameworks/GSS.framework/Versions/A/GSS
0x00000000076ea000 	/usr/lib/libresolv.9.dylib
0x00000000076ea000 	/usr/lib/libiconv.2.dylib
0x00000000076ea000 	/System/Library/PrivateFrameworks/Heimdal.framework/Versions/A/Heimdal
0x00000000076ea000 	/usr/lib/libheimdal-asn1.dylib
0x00000000076ea000 	/System/Library/Frameworks/OpenDirectory.framework/Versions/A/OpenDirectory
0x00000000076ea000 	/System/Library/PrivateFrameworks/CommonAuth.framework/Versions/A/CommonAuth
0x00000000076ea000 	/System/Library/Frameworks/OpenDirectory.framework/Versions/A/Frameworks/CFOpenDirectory.framework/Versions/A/CFOpenDirectory
0x00000000076ea000 	/System/Library/Frameworks/SecurityFoundation.framework/Versions/A/SecurityFoundation
0x00000000076ea000 	/System/Library/PrivateFrameworks/LanguageModeling.framework/Versions/A/LanguageModeling
0x00000000076ea000 	/usr/lib/libmarisa.dylib
0x00000000076ea000 	/usr/lib/libChineseTokenizer.dylib
0x00000000076ea000 	/usr/lib/libcmph.dylib
0x00000000076ea000 	/System/Library/Frameworks/ServiceManagement.framework/Versions/A/ServiceManagement
0x00000000076ea000 	/usr/lib/libxslt.1.dylib
0x00000000076ea000 	/System/Library/Frameworks/Carbon.framework/Versions/A/Frameworks/Ink.framework/Versions/A/Ink
0x00000000076ea000 	/usr/lib/libFosl_dynamic.dylib
0x00000000076ea000 	/System/Library/PrivateFrameworks/FaceCore.framework/Versions/A/FaceCore
0x00000000076ea000 	/System/Library/Frameworks/OpenCL.framework/Versions/A/OpenCL
0x00000000076ea000 	/System/Library/PrivateFrameworks/CrashReporterSupport.framework/Versions/A/CrashReporterSupport
0x00000000076ea000 	/System/Library/PrivateFrameworks/IconServices.framework/Versions/A/IconServices
0x00000000076ea000 	/System/Library/PrivateFrameworks/Apple80211.framework/Versions/A/Apple80211
0x00000000076ea000 	/System/Library/Frameworks/CoreWLAN.framework/Versions/A/CoreWLAN
0x00000000076ea000 	/System/Library/Frameworks/IOBluetooth.framework/Versions/A/IOBluetooth
0x00000000076ea000 	/System/Library/PrivateFrameworks/CoreWiFi.framework/Versions/A/CoreWiFi
0x00000000076ea000 	/System/Library/Frameworks/CoreBluetooth.framework/Versions/A/CoreBluetooth
0x00000000076ea000 	/System/Library/PrivateFrameworks/ChunkingLibrary.framework/Versions/A/ChunkingLibrary
0x00000000076ea000 	/System/Library/PrivateFrameworks/DebugSymbols.framework/Versions/A/DebugSymbols
0x00000000076ea000 	/System/Library/PrivateFrameworks/CoreSymbolication.framework/Versions/A/CoreSymbolication
0x00000000076ea000 	/System/Library/PrivateFrameworks/Symbolication.framework/Versions/A/Symbolication
0x00000000076ea000 	/System/Library/PrivateFrameworks/SpeechRecognitionCore.framework/Versions/A/SpeechRecognitionCore
0x0000000102c00000 	/Library/Java/JavaVirtualMachines/jdk1.8.0_25.jdk/Contents/Home/jre/lib/server/libjvm.dylib
0x00000000076ea000 	/usr/lib/libstdc++.6.dylib
0x00000001023f1000 	/Library/Java/JavaVirtualMachines/jdk1.8.0_25.jdk/Contents/Home/jre/lib/libverify.dylib
0x0000000103b1c000 	/Library/Java/JavaVirtualMachines/jdk1.8.0_25.jdk/Contents/Home/jre/lib/libjava.dylib
0x0000000103b59000 	/Library/Java/JavaVirtualMachines/jdk1.8.0_25.jdk/Contents/Home/jre/lib/libzip.dylib
0x000000011820d000 	/System/Library/Frameworks/JavaVM.framework/Frameworks/JavaRuntimeSupport.framework/JavaRuntimeSupport
0x0000000118228000 	/System/Library/Frameworks/JavaVM.framework/Versions/A/Frameworks/JavaNativeFoundation.framework/Versions/A/JavaNativeFoundation
0x000000011823d000 	/System/Library/Frameworks/JavaVM.framework/Versions/A/JavaVM
0x00000000076ea000 	/System/Library/Frameworks/Carbon.framework/Versions/A/Carbon
0x000000011824a000 	/System/Library/PrivateFrameworks/JavaLaunching.framework/Versions/A/JavaLaunching
0x00000000076ea000 	/System/Library/Frameworks/Carbon.framework/Versions/A/Frameworks/CommonPanels.framework/Versions/A/CommonPanels
0x00000000076ea000 	/System/Library/Frameworks/Carbon.framework/Versions/A/Frameworks/Help.framework/Versions/A/Help
0x00000000076ea000 	/System/Library/Frameworks/Carbon.framework/Versions/A/Frameworks/ImageCapture.framework/Versions/A/ImageCapture
0x00000000076ea000 	/System/Library/Frameworks/Carbon.framework/Versions/A/Frameworks/OpenScripting.framework/Versions/A/OpenScripting
0x00000000076ea000 	/System/Library/Frameworks/Carbon.framework/Versions/A/Frameworks/Print.framework/Versions/A/Print
0x00000000076ea000 	/System/Library/Frameworks/Carbon.framework/Versions/A/Frameworks/SecurityHI.framework/Versions/A/SecurityHI
0x0000000119ff0000 	/Library/Java/JavaVirtualMachines/jdk1.8.0_25.jdk/Contents/Home/jre/lib/libnet.dylib
0x000000011a088000 	/Library/Java/JavaVirtualMachines/jdk1.8.0_25.jdk/Contents/Home/jre/lib/libnio.dylib
0x000000011a2bb000 	/Users/Sahar/.gradle/native/25/osx-amd64/libnative-platform.dylib
0x000000011a694000 	/Library/Java/JavaVirtualMachines/jdk1.8.0_25.jdk/Contents/Home/jre/lib/libmanagement.dylib

VM Arguments:
jvm_args: -Xmx1536m -Dfile.encoding=UTF-8 -Duser.country=US -Duser.language=en -Duser.variant 
java_command: org.gradle.launcher.daemon.bootstrap.GradleDaemon 4.1
java_class_path (initial): /Users/Sahar/.gradle/wrapper/dists/gradle-4.1-all/bzyivzo6n839fup2jbap0tjew/gradle-4.1/lib/gradle-launcher-4.1.jar
Launcher Type: SUN_STANDARD

Environment Variables:
PATH=/usr/bin:/bin:/usr/sbin:/sbin
SHELL=/bin/bash

Signal Handlers:
SIGSEGV: [libjvm.dylib+0x579dc7], sa_mask[0]=11111111011111110111111111111111, sa_flags=SA_ONSTACK|SA_RESTART|SA_SIGINFO
SIGBUS: [libjvm.dylib+0x579dc7], sa_mask[0]=11111111011111110111111111111111, sa_flags=SA_RESTART|SA_SIGINFO
SIGFPE: [libjvm.dylib+0x45b030], sa_mask[0]=11111111011111110111111111111111, sa_flags=SA_RESTART|SA_SIGINFO
SIGPIPE: [libjvm.dylib+0x45b030], sa_mask[0]=11111111011111110111111111111111, sa_flags=SA_RESTART|SA_SIGINFO
SIGXFSZ: [libjvm.dylib+0x45b030], sa_mask[0]=11111111011111110111111111111111, sa_flags=SA_RESTART|SA_SIGINFO
SIGILL: [libjvm.dylib+0x45b030], sa_mask[0]=11111111011111110111111111111111, sa_flags=SA_RESTART|SA_SIGINFO
SIGUSR1: SIG_DFL, sa_mask[0]=00000000000000000000000000000000, sa_flags=none
SIGUSR2: [libjvm.dylib+0x45ab4e], sa_mask[0]=00100000000000000000000000000000, sa_flags=SA_RESTART|SA_SIGINFO
SIGHUP: [libjvm.dylib+0x459121], sa_mask[0]=11111111011111110111111111111111, sa_flags=SA_RESTART|SA_SIGINFO
SIGINT: [libjvm.dylib+0x459121], sa_mask[0]=11111111011111110111111111111111, sa_flags=SA_RESTART|SA_SIGINFO
SIGTERM: [libjvm.dylib+0x459121], sa_mask[0]=11111111011111110111111111111111, sa_flags=SA_RESTART|SA_SIGINFO
SIGQUIT: [libjvm.dylib+0x459121], sa_mask[0]=11111111011111110111111111111111, sa_flags=SA_RESTART|SA_SIGINFO


---------------  S Y S T E M  ---------------

OS:Bsduname:Darwin 15.5.0 Darwin Kernel Version 15.5.0: Tue Apr 19 18:36:36 PDT 2016; root:xnu-3248.50.21~8/RELEASE_X86_64 x86_64
rlimit: STACK 8192k, CORE 0k, NPROC 709, NOFILE 10240, AS infinity
load average:1.90 2.22 2.17

CPU:total 4 (2 cores per cpu, 2 threads per core) family 6 model 42 stepping 7, cmov, cx8, fxsr, mmx, sse, sse2, sse3, ssse3, sse4.1, sse4.2, popcnt, avx, aes, clmul, ht, tsc, tscinvbit

Memory: 4k page, physical 8388608k(19192k free)

/proc/meminfo:


vm_info: Java HotSpot(TM) 64-Bit Server VM (25.25-b02) for bsd-amd64 JRE (1.8.0_25-b17), built on Sep 17 2014 16:56:50 by "java_re" with gcc 4.2.1 (Based on Apple Inc. build 5658) (LLVM build 2336.11.00)

time: Sat May 12 16:21:41 2018
elapsed time: 1939 seconds (0d 0h 32m 19s)

