#
# A fatal error has been detected by the Java Runtime Environment:
#
#  SIGSEGV (0xb) at pc=0x000000010a4aba2a, pid=15871, tid=9731
#
# JRE version: Java(TM) SE Runtime Environment (8.0_25-b17) (build 1.8.0_25-b17)
# Java VM: Java HotSpot(TM) 64-Bit Server VM (25.25-b02 mixed mode bsd-amd64 compressed oops)
# Problematic frame:
# V  [libjvm.dylib+0x2aba2a]
#
# Failed to write core dump. Core dumps have been disabled. To enable core dumping, try "ulimit -c unlimited" before starting Java again
#
# If you would like to submit a bug report, please visit:
#   http://bugreport.sun.com/bugreport/crash.jsp
#

---------------  T H R E A D  ---------------

Current thread (0x00007fc3eb804000):  GCTaskThread [stack: 0x0000700000320000,0x0000700000420000] [id=9731]

siginfo: si_signo: 11 (SIGSEGV), si_code: 0 (unknown), si_addr: 0x0000000000000000

Registers:
RAX=0x000000011a9dd000, RBX=0x00007fc3ea502eb0, RCX=0x03ffffffee818400, RDX=0x1fffffff740c200c
RSP=0x000070000041fbb0, RBP=0x000070000041fbd0, RSI=0x0000000776ee65a8, RDI=0x00007fc3ea502eb0
R8 =0x00000000000002dd, R9 =0x000000000000220a, R10=0x0041100000022401, R11=0x0008000000000000
R12=0x0000000000000000, R13=0x0000000776ee65a8, R14=0x0000000300610060, R15=0x00007fc3ea502eb0
RIP=0x000000010a4aba2a, EFLAGS=0x0000000000010206, ERR=0x0000000000000000
  TRAPNO=0x000000000000000d

Top of Stack: (sp=0x000070000041fbb0)
0x000070000041fbb0:   000070000041fbe0 0000000776ee6598
0x000070000041fbc0:   0000000000000002 00007fc3ea502eb0
0x000070000041fbd0:   000070000041fc40 000000010a64e070
0x000070000041fbe0:   0000000000000002 00007fc3ea502eb0
0x000070000041fbf0:   000070000041fc20 000000010a4aba67
0x000070000041fc00:   000070000041fc70 00007fc3ea502eb0
0x000070000041fc10:   00000007c0c65488 0000000776ee6598
0x000070000041fc20:   0000000776ee6598 0000000000017e00
0x000070000041fc30:   00007fc3ea502eb0 00000007c000f280
0x000070000041fc40:   000070000041fc70 000000010a64d414
0x000070000041fc50:   0000000000000000 00007fc3ea502eb0
0x000070000041fc60:   00007fc3ea502eb8 000000010a9f1dd0
0x000070000041fc70:   000070000041fd00 000000010a68d078
0x000070000041fc80:   0007e3000007e300 00007fc3ea502ef0
0x000070000041fc90:   00007fc3ea502f38 00007fc3ea502f70
0x000070000041fca0:   0000000765285e78 0000030300017e00
0x000070000041fcb0:   0000000776ee6598 00007fc3ebd55000
0x000070000041fcc0:   00007fc3ea609901 00007fc3ea609901
0x000070000041fcd0:   00003c3800001db3 00007fc3ea502eb0
0x000070000041fce0:   0000000000000000 000000010a7d2af9
0x000070000041fcf0:   00007fc3ea7029c0 0000000000000001
0x000070000041fd00:   000070000041fdb0 000000010a680647
0x000070000041fd10:   00007fc3ea607ab0 000000010aa82a00
0x000070000041fd20:   0000000000000000 000070000041fd60
0x000070000041fd30:   000070000041fd01 000070000041fd60
0x000070000041fd40:   000000010aa82a80 000000010a638b00
0x000070000041fd50:   000070000041fd60 00007fc3ea605201
0x000070000041fd60:   000000010aa88230 000000010a461a00
0x000070000041fd70:   00007fc3ea502eb0 00007fc3ea608d50
0x000070000041fd80:   00007fc3ea608d80 00007fc3ea608d90
0x000070000041fd90:   00007fc3ea609168 00000000000003d8
0x000070000041fda0:   00007fc3eb804000 00007fc3ea7029c0 

Instructions: (pc=0x000000010a4aba2a)
0x000000010a4aba0a:   10 48 c1 ea 03 48 8d 0d 32 b1 52 00 8a 09 48 d3
0x000000010a4aba1a:   ea 48 89 d1 48 83 e1 c0 48 c1 e9 03 48 8b 40 30
0x000000010a4aba2a:   48 8b 04 08 48 0f a3 d0 72 5d 4c 89 f7 e8 64 1f
0x000000010a4aba3a:   f2 ff 4c 63 f8 48 8d 3d 4a 19 5f 00 4c 89 f6 4c 

Register to memory mapping:

RAX=0x000000011a9dd000 is an unknown value
RBX=0x00007fc3ea502eb0 is an unknown value
RCX=0x03ffffffee818400 is an unknown value
RDX=0x1fffffff740c200c is an unknown value
RSP=0x000070000041fbb0 is an unknown value
RBP=0x000070000041fbd0 is an unknown value
RSI=0x0000000776ee65a8 is pointing into object: 0x0000000776ee6598
[Ljava.lang.Object; 
 - klass: 'java/lang/Object'[]
 - length: 2
RDI=0x00007fc3ea502eb0 is an unknown value
R8 =0x00000000000002dd is an unknown value
R9 =0x000000000000220a is an unknown value
R10=0x0041100000022401 is an unknown value
R11=0x0008000000000000 is an unknown value
R12=0x0000000000000000 is an unknown value
R13=0x0000000776ee65a8 is pointing into object: 0x0000000776ee6598
[Ljava.lang.Object; 
 - klass: 'java/lang/Object'[]
 - length: 2
R14=0x0000000300610060 is an unknown value
R15=0x00007fc3ea502eb0 is an unknown value


Stack: [0x0000700000320000,0x0000700000420000],  sp=0x000070000041fbb0,  free space=1022k
Native frames: (J=compiled Java code, j=interpreted, Vv=VM code, C=native code)
V  [libjvm.dylib+0x2aba2a]
V  [libjvm.dylib+0x44e070]
V  [libjvm.dylib+0x44d414]
V  [libjvm.dylib+0x48d078]
V  [libjvm.dylib+0x480647]
V  [libjvm.dylib+0x261f3d]
V  [libjvm.dylib+0x45d87e]
C  [libsystem_pthread.dylib+0x399d]  _pthread_body+0x83
C  [libsystem_pthread.dylib+0x391a]  _pthread_body+0x0
C  [libsystem_pthread.dylib+0x1351]  thread_start+0xd


---------------  P R O C E S S  ---------------

Java Threads: ( => current thread )
  0x00007fc3ee861800 JavaThread "ForkJoinPool.commonPool-worker-0" daemon [_thread_blocked, id=45735, stack(0x000070000335e000,0x000070000345e000)]
  0x00007fc3ebd55000 JavaThread "ForkJoinPool.commonPool-worker-3" daemon [_thread_blocked, id=39923, stack(0x0000700002ea4000,0x0000700002fa4000)]
  0x00007fc3f275b000 JavaThread "ForkJoinPool.commonPool-worker-2" daemon [_thread_blocked, id=34239, stack(0x0000700002c9e000,0x0000700002d9e000)]
  0x00007fc3ee60d000 JavaThread "ForkJoinPool.commonPool-worker-1" daemon [_thread_blocked, id=39583, stack(0x0000700002b9b000,0x0000700002c9b000)]
  0x00007fc3f275d800 JavaThread "Cache worker for Java compile cache (/Users/Sahar/Desktop/Projects/Losty/.gradle/4.1/javaCompile)" [_thread_blocked, id=35979, stack(0x0000700001456000,0x0000700001556000)]
  0x00007fc3f275c800 JavaThread "RMI TCP Connection(47)-127.0.0.1" daemon [_thread_in_native, id=29095, stack(0x0000700002a98000,0x0000700002b98000)]
  0x00007fc3f2381000 JavaThread "RMI TCP Connection(46)-127.0.0.1" daemon [_thread_in_native, id=43411, stack(0x0000700002995000,0x0000700002a95000)]
  0x00007fc3ee76f000 JavaThread "RMI TCP Connection(45)-127.0.0.1" daemon [_thread_in_native, id=13479, stack(0x0000700002892000,0x0000700002992000)]
  0x00007fc3ee606000 JavaThread "Task worker for ':' Thread 3" [_thread_blocked, id=37779, stack(0x000070000278f000,0x000070000288f000)]
  0x00007fc3f2376800 JavaThread "Task worker for ':' Thread 2" [_thread_blocked, id=37547, stack(0x000070000268c000,0x000070000278c000)]
  0x00007fc3f2492800 JavaThread "Task worker for ':'" [_thread_blocked, id=24307, stack(0x0000700002589000,0x0000700002689000)]
  0x00007fc3ed3a3000 JavaThread "Cache worker for task history cache (/Users/Sahar/Desktop/Projects/Losty/.gradle/4.1/taskHistory)" [_thread_blocked, id=22767, stack(0x0000700002486000,0x0000700002586000)]
  0x00007fc3ed74f800 JavaThread "Cache worker for file content cache (/Users/Sahar/Desktop/Projects/Losty/.gradle/4.1/fileContent)" [_thread_blocked, id=45471, stack(0x0000700002383000,0x0000700002483000)]
  0x00007fc3ee103800 JavaThread "build operations Thread 4" [_thread_blocked, id=23763, stack(0x0000700002280000,0x0000700002380000)]
  0x00007fc3f2303800 JavaThread "build operations Thread 3" [_thread_blocked, id=22283, stack(0x000070000217d000,0x000070000227d000)]
  0x00007fc3ee6ae000 JavaThread "build operations Thread 2" [_thread_blocked, id=33475, stack(0x0000700001f77000,0x0000700002077000)]
  0x00007fc3f213c000 JavaThread "build operations" [_thread_blocked, id=27079, stack(0x0000700001e74000,0x0000700001f74000)]
  0x00007fc3ebd54800 JavaThread "Cache worker for Artifact transforms cache (/Users/Sahar/.gradle/caches/transforms-1)" [_thread_blocked, id=31619, stack(0x0000700001d71000,0x0000700001e71000)]
  0x00007fc3ebb07000 JavaThread "Cache worker for file hash cache (/Users/Sahar/Desktop/Projects/Losty/.gradle/4.1/fileHashes)" [_thread_blocked, id=35535, stack(0x0000700001c6e000,0x0000700001d6e000)]
  0x00007fc3ebb06800 JavaThread "Stdin handler" [_thread_blocked, id=14747, stack(0x0000700001b6b000,0x0000700001c6b000)]
  0x00007fc3ebc66800 JavaThread "Asynchronous log dispatcher for DefaultDaemonConnection: socket connection from /127.0.0.1:49975 to /127.0.0.1:53311" [_thread_blocked, id=34739, stack(0x0000700001862000,0x0000700001962000)]
  0x00007fc3ee0c1000 JavaThread "Cancel handler" [_thread_blocked, id=33215, stack(0x000070000175f000,0x000070000185f000)]
  0x00007fc3ed2bd000 JavaThread "Handler for socket connection from /127.0.0.1:49975 to /127.0.0.1:53311" [_thread_in_native, id=31167, stack(0x0000700001559000,0x0000700001659000)]
  0x00007fc3f1b04800 JavaThread "process reaper" daemon [_thread_blocked, id=21459, stack(0x00007000030d5000,0x00007000030fd000)]
  0x00007fc3ed115800 JavaThread "process reaper" daemon [_thread_blocked, id=22247, stack(0x00007000000ed000,0x0000700000115000)]
  0x00007fc3eedcc800 JavaThread "process reaper" daemon [_thread_blocked, id=35223, stack(0x00007000000c2000,0x00007000000ea000)]
  0x00007fc3eedcc000 JavaThread "process reaper" daemon [_thread_blocked, id=32183, stack(0x0000700000097000,0x00007000000bf000)]
  0x00007fc3eb962000 JavaThread "RMI TCP Connection(44)-127.0.0.1" daemon [_thread_in_native, id=22987, stack(0x0000700000932000,0x0000700000a32000)]
  0x00007fc3ee747000 JavaThread "Daemon worker Thread 15" [_thread_blocked, id=43671, stack(0x000070000165c000,0x000070000175c000)]
  0x00007fc3f291f000 JavaThread "Daemon Thread 15" [_thread_blocked, id=38887, stack(0x0000700001353000,0x0000700001453000)]
  0x00007fc3ed419000 JavaThread "process reaper" daemon [_thread_in_native, id=29235, stack(0x00007000030aa000,0x00007000030d2000)]
  0x00007fc3ee4c3800 JavaThread "RMI Reaper" [_thread_blocked, id=42763, stack(0x000070000325b000,0x000070000335b000)]
  0x00007fc3ee1c9000 JavaThread "RMI TCP Accept-0" daemon [_thread_in_native, id=40203, stack(0x0000700003158000,0x0000700003258000)]
  0x00007fc3ed354000 JavaThread "GC Daemon" daemon [_thread_blocked, id=39947, stack(0x0000700002fa7000,0x00007000030a7000)]
  0x00007fc3eea35000 JavaThread "RMI Scheduler(0)" daemon [_thread_blocked, id=36623, stack(0x0000700002da1000,0x0000700002ea1000)]
  0x00007fc3ebc30800 JavaThread "Java2D Disposer" daemon [_thread_blocked, id=41987, stack(0x0000700003970000,0x0000700003a70000)]
  0x00007fc3efdd5000 JavaThread "AWT-AppKit" daemon [_thread_in_native, id=2571, stack(0x00007fff55d87000,0x00007fff56587000)]
  0x00007fc3ed9f8000 JavaThread "Memory manager" [_thread_blocked, id=27139, stack(0x000070000207a000,0x000070000217a000)]
  0x00007fc3eb9b0800 JavaThread "File lock request listener" [_thread_in_native, id=24835, stack(0x0000700001a68000,0x0000700001b68000)]
  0x00007fc3ec18d800 JavaThread "Cache worker for file hash cache (/Users/Sahar/.gradle/caches/4.1/fileHashes)" [_thread_blocked, id=24323, stack(0x0000700001965000,0x0000700001a65000)]
  0x00007fc3ec15b000 JavaThread "Daemon periodic checks" [_thread_blocked, id=20739, stack(0x0000700001250000,0x0000700001350000)]
  0x00007fc3ebac7800 JavaThread "Incoming local TCP Connector on port 49975" [_thread_in_native, id=20227, stack(0x000070000114d000,0x000070000124d000)]
  0x00007fc3ea9d0800 JavaThread "Daemon health stats" [_thread_blocked, id=19715, stack(0x000070000104a000,0x000070000114a000)]
  0x00007fc3ea863000 JavaThread "Service Thread" daemon [_thread_blocked, id=18691, stack(0x0000700000e44000,0x0000700000f44000)]
  0x00007fc3ea85a800 JavaThread "C1 CompilerThread2" daemon [_thread_blocked, id=18179, stack(0x0000700000d41000,0x0000700000e41000)]
  0x00007fc3ec019000 JavaThread "C2 CompilerThread1" daemon [_thread_blocked, id=17667, stack(0x0000700000c3e000,0x0000700000d3e000)]
  0x00007fc3ea857800 JavaThread "C2 CompilerThread0" daemon [_thread_blocked, id=17155, stack(0x0000700000b3b000,0x0000700000c3b000)]
  0x00007fc3ec016000 JavaThread "Signal Dispatcher" daemon [_thread_blocked, id=12815, stack(0x0000700000a38000,0x0000700000b38000)]
  0x00007fc3ec014000 JavaThread "Finalizer" daemon [_thread_blocked, id=12291, stack(0x000070000082f000,0x000070000092f000)]
  0x00007fc3ea845000 JavaThread "Reference Handler" daemon [_thread_blocked, id=11779, stack(0x000070000072c000,0x000070000082c000)]
  0x00007fc3ea808800 JavaThread "main" [_thread_blocked, id=5891, stack(0x000070000011a000,0x000070000021a000)]

Other Threads:
  0x00007fc3ea842000 VMThread [stack: 0x0000700000629000,0x0000700000729000] [id=11267]
  0x00007fc3ea84e800 WatcherThread [stack: 0x0000700000f47000,0x0000700001047000] [id=19203]

=>0x00007fc3eb804000 (exited) GCTaskThread [stack: 0x0000700000320000,0x0000700000420000] [id=9731]

VM state:at safepoint (normal execution)

VM Mutex/Monitor currently owned by a thread:  ([mutex/lock_event])
[0x00007fc3ea603e00] Threads_lock - owner thread: 0x00007fc3ea842000
[0x00007fc3ea604300] Heap_lock - owner thread: 0x00007fc3f275b000

Heap:
 PSYoungGen      total 365056K, used 79564K [0x00000007a0000000, 0x00000007c0000000, 0x00000007c0000000)
  eden space 205824K, 0% used [0x00000007a0000000,0x00000007a0000000,0x00000007ac900000)
  from space 159232K, 49% used [0x00000007ac900000,0x00000007b16b32c8,0x00000007b6480000)
  to   space 156160K, 0% used [0x00000007b6780000,0x00000007b6780000,0x00000007c0000000)
 ParOldGen       total 468480K, used 437394K [0x0000000760000000, 0x000000077c980000, 0x00000007a0000000)
  object space 468480K, 93% used [0x0000000760000000,0x000000077ab24a50,0x000000077c980000)
 Metaspace       used 105016K, capacity 116534K, committed 117632K, reserved 1150976K
  class space    used 13557K, capacity 16298K, committed 16512K, reserved 1048576K

Card table byte_map: [0x000000011a4dc000,0x000000011a7dd000] byte_map_base: 0x00000001169dc000

Marking Bits: (ParMarkBitMap*) 0x000000010aa9d390
 Begin Bits: [0x000000011a9dd000, 0x000000011c1dd000)
 End Bits:   [0x000000011c1dd000, 0x000000011d9dd000)

Polling page: 0x000000010993a000

CodeCache: size=245760Kb used=94522Kb max_used=94529Kb free=151237Kb
 bounds [0x000000010b11c000, 0x0000000110e1c000, 0x000000011a11c000]
 total_blobs=26182 nmethods=25193 adapters=901
 compilation: enabled

Compilation events (10 events):
Event: 5537.994 Thread 0x00007fc3ea85a800 35358       3       com.android.dx.dex.code.form.Form20t::branchFits (22 bytes)
Event: 5537.995 Thread 0x00007fc3ea85a800 nmethod 35358 0x0000000110e089d0 code [0x0000000110e08b80, 0x0000000110e09298]
Event: 5538.643 Thread 0x00007fc3ea85a800 35359       3       com.android.dx.rop.code.RegisterSpec$ForComparison::equals (31 bytes)
Event: 5538.643 Thread 0x00007fc3ea85a800 nmethod 35359 0x0000000110dedf90 code [0x0000000110dee120, 0x0000000110dee548]
Event: 5538.646 Thread 0x00007fc3ea85a800 35360       3       com.android.dx.dex.file.ClassDataItem::writeTo0 (31 bytes)
Event: 5538.646 Thread 0x00007fc3ea85a800 nmethod 35360 0x0000000110dfa210 code [0x0000000110dfa3c0, 0x0000000110dfa818]
Event: 5538.762 Thread 0x00007fc3ea857800 35361       4       com.android.dx.dex.code.CstInsn::setIndex (37 bytes)
Event: 5538.764 Thread 0x00007fc3ea857800 nmethod 35361 0x0000000110888310 code [0x0000000110888460, 0x00000001108884f8]
Event: 5538.775 Thread 0x00007fc3ea85a800 35362       3       com.android.dx.dex.code.form.Form21s::writeTo (40 bytes)
Event: 5538.776 Thread 0x00007fc3ea85a800 nmethod 35362 0x0000000110e0b210 code [0x0000000110e0b400, 0x0000000110e0bdc8]

GC Heap History (10 events):
Event: 5535.660 GC heap after
Heap after GC invocations=178 (full 9):
 PSYoungGen      total 419328K, used 56424K [0x00000007a0000000, 0x00000007c0000000, 0x00000007c0000000)
  eden space 323072K, 0% used [0x00000007a0000000,0x00000007a0000000,0x00000007b3b80000)
  from space 96256K, 58% used [0x00000007b3b80000,0x00000007b729a120,0x00000007b9980000)
  to   space 97792K, 0% used [0x00000007ba080000,0x00000007ba080000,0x00000007c0000000)
 ParOldGen       total 468480K, used 267296K [0x0000000760000000, 0x000000077c980000, 0x00000007a0000000)
  object space 468480K, 57% used [0x0000000760000000,0x0000000770508190,0x000000077c980000)
 Metaspace       used 105016K, capacity 116534K, committed 117632K, reserved 1150976K
  class space    used 13557K, capacity 16298K, committed 16512K, reserved 1048576K
}
Event: 5536.610 GC heap before
{Heap before GC invocations=179 (full 9):
 PSYoungGen      total 419328K, used 379496K [0x00000007a0000000, 0x00000007c0000000, 0x00000007c0000000)
  eden space 323072K, 100% used [0x00000007a0000000,0x00000007b3b80000,0x00000007b3b80000)
  from space 96256K, 58% used [0x00000007b3b80000,0x00000007b729a120,0x00000007b9980000)
  to   space 97792K, 0% used [0x00000007ba080000,0x00000007ba080000,0x00000007c0000000)
 ParOldGen       total 468480K, used 267296K [0x0000000760000000, 0x000000077c980000, 0x00000007a0000000)
  object space 468480K, 57% used [0x0000000760000000,0x0000000770508190,0x000000077c980000)
 Metaspace       used 105016K, capacity 116534K, committed 117632K, reserved 1150976K
  class space    used 13557K, capacity 16298K, committed 16512K, reserved 1048576K
Event: 5536.872 GC heap after
Heap after GC invocations=179 (full 9):
 PSYoungGen      total 337408K, used 97763K [0x00000007a0000000, 0x00000007c0000000, 0x00000007c0000000)
  eden space 239616K, 0% used [0x00000007a0000000,0x00000007a0000000,0x00000007aea00000)
  from space 97792K, 99% used [0x00000007ba080000,0x00000007bfff8d18,0x00000007c0000000)
  to   space 142336K, 0% used [0x00000007aea00000,0x00000007aea00000,0x00000007b7500000)
 ParOldGen       total 468480K, used 344383K [0x0000000760000000, 0x000000077c980000, 0x00000007a0000000)
  object space 468480K, 73% used [0x0000000760000000,0x000000077504ff50,0x000000077c980000)
 Metaspace       used 105016K, capacity 116534K, committed 117632K, reserved 1150976K
  class space    used 13557K, capacity 16298K, committed 16512K, reserved 1048576K
}
Event: 5537.268 GC heap before
{Heap before GC invocations=180 (full 9):
 PSYoungGen      total 337408K, used 337379K [0x00000007a0000000, 0x00000007c0000000, 0x00000007c0000000)
  eden space 239616K, 100% used [0x00000007a0000000,0x00000007aea00000,0x00000007aea00000)
  from space 97792K, 99% used [0x00000007ba080000,0x00000007bfff8d18,0x00000007c0000000)
  to   space 142336K, 0% used [0x00000007aea00000,0x00000007aea00000,0x00000007b7500000)
 ParOldGen       total 468480K, used 344383K [0x0000000760000000, 0x000000077c980000, 0x00000007a0000000)
  object space 468480K, 73% used [0x0000000760000000,0x000000077504ff50,0x000000077c980000)
 Metaspace       used 105016K, capacity 116534K, committed 117632K, reserved 1150976K
  class space    used 13557K, capacity 16298K, committed 16512K, reserved 1048576K
Event: 5537.487 GC heap after
Heap after GC invocations=180 (full 9):
 PSYoungGen      total 342016K, used 102392K [0x00000007a0000000, 0x00000007c0000000, 0x00000007c0000000)
  eden space 239616K, 0% used [0x00000007a0000000,0x00000007a0000000,0x00000007aea00000)
  from space 102400K, 99% used [0x00000007aea00000,0x00000007b4dfe110,0x00000007b4e00000)
  to   space 152064K, 0% used [0x00000007b6b80000,0x00000007b6b80000,0x00000007c0000000)
 ParOldGen       total 468480K, used 372968K [0x0000000760000000, 0x000000077c980000, 0x00000007a0000000)
  object space 468480K, 79% used [0x0000000760000000,0x0000000776c3a180,0x000000077c980000)
 Metaspace       used 105016K, capacity 116534K, committed 117632K, reserved 1150976K
  class space    used 13557K, capacity 16298K, committed 16512K, reserved 1048576K
}
Event: 5538.256 GC heap before
{Heap before GC invocations=181 (full 9):
 PSYoungGen      total 342016K, used 342008K [0x00000007a0000000, 0x00000007c0000000, 0x00000007c0000000)
  eden space 239616K, 100% used [0x00000007a0000000,0x00000007aea00000,0x00000007aea00000)
  from space 102400K, 99% used [0x00000007aea00000,0x00000007b4dfe110,0x00000007b4e00000)
  to   space 152064K, 0% used [0x00000007b6b80000,0x00000007b6b80000,0x00000007c0000000)
 ParOldGen       total 468480K, used 372968K [0x0000000760000000, 0x000000077c980000, 0x00000007a0000000)
  object space 468480K, 79% used [0x0000000760000000,0x0000000776c3a180,0x000000077c980000)
 Metaspace       used 105016K, capacity 116534K, committed 117632K, reserved 1150976K
  class space    used 13557K, capacity 16298K, committed 16512K, reserved 1048576K
Event: 5538.321 GC heap after
Heap after GC invocations=181 (full 9):
 PSYoungGen      total 357888K, used 102178K [0x00000007a0000000, 0x00000007c0000000, 0x00000007c0000000)
  eden space 205824K, 0% used [0x00000007a0000000,0x00000007a0000000,0x00000007ac900000)
  from space 152064K, 67% used [0x00000007b6b80000,0x00000007bcf48930,0x00000007c0000000)
  to   space 159232K, 0% used [0x00000007ac900000,0x00000007ac900000,0x00000007b6480000)
 ParOldGen       total 468480K, used 385485K [0x0000000760000000, 0x000000077c980000, 0x00000007a0000000)
  object space 468480K, 82% used [0x0000000760000000,0x00000007778737b8,0x000000077c980000)
 Metaspace       used 105016K, capacity 116534K, committed 117632K, reserved 1150976K
  class space    used 13557K, capacity 16298K, committed 16512K, reserved 1048576K
}
Event: 5538.798 GC heap before
{Heap before GC invocations=182 (full 9):
 PSYoungGen      total 357888K, used 308002K [0x00000007a0000000, 0x00000007c0000000, 0x00000007c0000000)
  eden space 205824K, 100% used [0x00000007a0000000,0x00000007ac900000,0x00000007ac900000)
  from space 152064K, 67% used [0x00000007b6b80000,0x00000007bcf48930,0x00000007c0000000)
  to   space 159232K, 0% used [0x00000007ac900000,0x00000007ac900000,0x00000007b6480000)
 ParOldGen       total 468480K, used 385485K [0x0000000760000000, 0x000000077c980000, 0x00000007a0000000)
  object space 468480K, 82% used [0x0000000760000000,0x00000007778737b8,0x000000077c980000)
 Metaspace       used 105016K, capacity 116534K, committed 117632K, reserved 1150976K
  class space    used 13557K, capacity 16298K, committed 16512K, reserved 1048576K
Event: 5538.926 GC heap after
Heap after GC invocations=182 (full 9):
 PSYoungGen      total 365056K, used 79564K [0x00000007a0000000, 0x00000007c0000000, 0x00000007c0000000)
  eden space 205824K, 0% used [0x00000007a0000000,0x00000007a0000000,0x00000007ac900000)
  from space 159232K, 49% used [0x00000007ac900000,0x00000007b16b32c8,0x00000007b6480000)
  to   space 156160K, 0% used [0x00000007b6780000,0x00000007b6780000,0x00000007c0000000)
 ParOldGen       total 468480K, used 437394K [0x0000000760000000, 0x000000077c980000, 0x00000007a0000000)
  object space 468480K, 93% used [0x0000000760000000,0x000000077ab24a50,0x000000077c980000)
 Metaspace       used 105016K, capacity 116534K, committed 117632K, reserved 1150976K
  class space    used 13557K, capacity 16298K, committed 16512K, reserved 1048576K
}
Event: 5538.926 GC heap before
{Heap before GC invocations=183 (full 10):
 PSYoungGen      total 365056K, used 79564K [0x00000007a0000000, 0x00000007c0000000, 0x00000007c0000000)
  eden space 205824K, 0% used [0x00000007a0000000,0x00000007a0000000,0x00000007ac900000)
  from space 159232K, 49% used [0x00000007ac900000,0x00000007b16b32c8,0x00000007b6480000)
  to   space 156160K, 0% used [0x00000007b6780000,0x00000007b6780000,0x00000007c0000000)
 ParOldGen       total 468480K, used 437394K [0x0000000760000000, 0x000000077c980000, 0x00000007a0000000)
  object space 468480K, 93% used [0x0000000760000000,0x000000077ab24a50,0x000000077c980000)
 Metaspace       used 105016K, capacity 116534K, committed 117632K, reserved 1150976K
  class space    used 13557K, capacity 16298K, committed 16512K, reserved 1048576K

Deoptimization events (10 events):
Event: 5533.859 Thread 0x00007fc3ebd55000 Uncommon trap: reason=unreached action=reinterpret pc=0x0000000110526508 method=com.android.dx.cf.direct.StdAttributeFactory.parse0(Lcom/android/dx/cf/direct/DirectClassFile;ILjava/lang/String;IILcom/android/dx/cf/iface/ParseObserver;)Lcom/android/dx/cf/i
Event: 5533.864 Thread 0x00007fc3ebd55000 Uncommon trap: reason=class_check action=maybe_recompile pc=0x000000010c906720 method=com.android.dx.cf.attrib.AttConstantValue.<init>(Lcom/android/dx/rop/cst/TypedConstant;)V @ 14
Event: 5533.864 Thread 0x00007fc3ebd55000 Uncommon trap: reason=class_check action=maybe_recompile pc=0x000000010c906720 method=com.android.dx.cf.attrib.AttConstantValue.<init>(Lcom/android/dx/rop/cst/TypedConstant;)V @ 14
Event: 5534.248 Thread 0x00007fc3ee60d000 Uncommon trap: reason=class_check action=maybe_recompile pc=0x000000010c906720 method=com.android.dx.cf.attrib.AttConstantValue.<init>(Lcom/android/dx/rop/cst/TypedConstant;)V @ 14
Event: 5534.248 Thread 0x00007fc3ee60d000 Uncommon trap: reason=class_check action=maybe_recompile pc=0x000000010c906720 method=com.android.dx.cf.attrib.AttConstantValue.<init>(Lcom/android/dx/rop/cst/TypedConstant;)V @ 14
Event: 5534.249 Thread 0x00007fc3ee60d000 Uncommon trap: reason=unreached action=reinterpret pc=0x0000000110169a50 method=com.android.dx.dex.file.ValueEncoder.constantToValueType(Lcom/android/dx/rop/cst/Constant;)I @ 60
Event: 5534.250 Thread 0x00007fc3ee60d000 Uncommon trap: reason=unreached action=reinterpret pc=0x000000010e3bfdac method=com.android.dx.dex.file.ValueEncoder.constantToValueType(Lcom/android/dx/rop/cst/Constant;)I @ 60
Event: 5534.474 Thread 0x00007fc3ebd55000 Uncommon trap: reason=unreached action=reinterpret pc=0x0000000110d0dc74 method=com.android.dx.cf.code.Simulator$SimVisitor.visitLocal(IIIILcom/android/dx/rop/type/Type;I)V @ 162
Event: 5534.912 Thread 0x00007fc3f275b000 Uncommon trap: reason=unreached action=reinterpret pc=0x000000010b98d6d8 method=java.util.HashMap.getNode(ILjava/lang/Object;)Ljava/util/HashMap$Node; @ 84
Event: 5535.101 Thread 0x00007fc3ee861800 Uncommon trap: reason=class_check action=maybe_recompile pc=0x000000011012c574 method=com.android.dx.ssa.back.FirstFitLocalCombiningAllocator.findRopRegForLocal(II)I @ 12

Internal exceptions (10 events):
Event: 5535.132 Thread 0x00007fc3ee861800 Exception <a 'sun/nio/fs/UnixException'> (0x00000007a9873148) thrown at [/HUDSON3/workspace/8-2-build-macosx-x86_64/jdk8u25/1514/hotspot/src/share/vm/prims/jni.cpp, line 716]
Event: 5535.174 Thread 0x00007fc3f2376800 Exception <a 'sun/nio/fs/UnixException'> (0x00000007aac1a560) thrown at [/HUDSON3/workspace/8-2-build-macosx-x86_64/jdk8u25/1514/hotspot/src/share/vm/prims/jni.cpp, line 716]
Event: 5535.195 Thread 0x00007fc3f2376800 Exception <a 'sun/nio/fs/UnixException'> (0x00000007abfb51f8) thrown at [/HUDSON3/workspace/8-2-build-macosx-x86_64/jdk8u25/1514/hotspot/src/share/vm/prims/jni.cpp, line 716]
Event: 5535.256 Thread 0x00007fc3f2376800 Exception <a 'sun/nio/fs/UnixException'> (0x00000007acaa44d8) thrown at [/HUDSON3/workspace/8-2-build-macosx-x86_64/jdk8u25/1514/hotspot/src/share/vm/prims/jni.cpp, line 716]
Event: 5535.267 Thread 0x00007fc3f2376800 Exception <a 'sun/nio/fs/UnixException'> (0x00000007addbc3e0) thrown at [/HUDSON3/workspace/8-2-build-macosx-x86_64/jdk8u25/1514/hotspot/src/share/vm/prims/jni.cpp, line 716]
Event: 5535.489 Thread 0x00007fc3f2376800 Exception <a 'sun/nio/fs/UnixException'> (0x00000007b31413d8) thrown at [/HUDSON3/workspace/8-2-build-macosx-x86_64/jdk8u25/1514/hotspot/src/share/vm/prims/jni.cpp, line 716]
Event: 5535.507 Thread 0x00007fc3f2376800 Exception <a 'sun/nio/fs/UnixException'> (0x00000007b3504858) thrown at [/HUDSON3/workspace/8-2-build-macosx-x86_64/jdk8u25/1514/hotspot/src/share/vm/prims/jni.cpp, line 716]
Event: 5535.513 Thread 0x00007fc3f2376800 Exception <a 'sun/nio/fs/UnixException'> (0x00000007b3690750) thrown at [/HUDSON3/workspace/8-2-build-macosx-x86_64/jdk8u25/1514/hotspot/src/share/vm/prims/jni.cpp, line 716]
Event: 5535.539 Thread 0x00007fc3f2376800 Exception <a 'sun/nio/fs/UnixException'> (0x00000007b3a24e98) thrown at [/HUDSON3/workspace/8-2-build-macosx-x86_64/jdk8u25/1514/hotspot/src/share/vm/prims/jni.cpp, line 716]
Event: 5537.847 Thread 0x00007fc3ebd55000 Exception <a 'sun/nio/fs/UnixException'> (0x00000007a87b43f0) thrown at [/HUDSON3/workspace/8-2-build-macosx-x86_64/jdk8u25/1514/hotspot/src/share/vm/prims/jni.cpp, line 716]

Events (10 events):
Event: 5535.660 Executing VM operation: ParallelGCFailedAllocation done
Event: 5536.610 Executing VM operation: ParallelGCFailedAllocation
Event: 5536.872 Executing VM operation: ParallelGCFailedAllocation done
Event: 5537.268 Executing VM operation: ParallelGCFailedAllocation
Event: 5537.487 Executing VM operation: ParallelGCFailedAllocation done
Event: 5537.602 Thread 0x00007fc3f275b000 DEOPT PACKING pc=0x000000010b3eba60 sp=0x0000700002d9cee0
Event: 5537.602 Thread 0x00007fc3f275b000 DEOPT UNPACKING pc=0x000000010b163373 sp=0x0000700002d9cc98 mode 0
Event: 5538.256 Executing VM operation: ParallelGCFailedAllocation
Event: 5538.321 Executing VM operation: ParallelGCFailedAllocation done
Event: 5538.798 Executing VM operation: ParallelGCFailedAllocation


Dynamic libraries:
0x0000000002b6b000 	/System/Library/Frameworks/Cocoa.framework/Versions/A/Cocoa
0x0000000002b6b000 	/System/Library/Frameworks/Security.framework/Versions/A/Security
0x0000000002b6b000 	/System/Library/Frameworks/ApplicationServices.framework/Versions/A/ApplicationServices
0x0000000002b6b000 	/usr/lib/libz.1.dylib
0x0000000002b6b000 	/usr/lib/libSystem.B.dylib
0x0000000002b6b000 	/usr/lib/libobjc.A.dylib
0x0000000002b6b000 	/System/Library/Frameworks/CoreFoundation.framework/Versions/A/CoreFoundation
0x0000000002b6b000 	/System/Library/Frameworks/Foundation.framework/Versions/C/Foundation
0x0000000002b6b000 	/System/Library/Frameworks/AppKit.framework/Versions/C/AppKit
0x0000000002b6b000 	/System/Library/Frameworks/CoreData.framework/Versions/A/CoreData
0x0000000002b6b000 	/System/Library/PrivateFrameworks/RemoteViewServices.framework/Versions/A/RemoteViewServices
0x0000000002b6b000 	/System/Library/PrivateFrameworks/UIFoundation.framework/Versions/A/UIFoundation
0x0000000002b6b000 	/usr/lib/libScreenReader.dylib
0x0000000002b6b000 	/System/Library/Frameworks/Accelerate.framework/Versions/A/Accelerate
0x0000000002b6b000 	/System/Library/Frameworks/IOSurface.framework/Versions/A/IOSurface
0x0000000002b6b000 	/System/Library/Frameworks/AudioToolbox.framework/Versions/A/AudioToolbox
0x0000000002b6b000 	/System/Library/Frameworks/AudioUnit.framework/Versions/A/AudioUnit
0x0000000002b6b000 	/System/Library/PrivateFrameworks/DataDetectorsCore.framework/Versions/A/DataDetectorsCore
0x0000000002b6b000 	/System/Library/PrivateFrameworks/DesktopServicesPriv.framework/Versions/A/DesktopServicesPriv
0x0000000002b6b000 	/System/Library/Frameworks/Carbon.framework/Versions/A/Frameworks/HIToolbox.framework/Versions/A/HIToolbox
0x0000000002b6b000 	/System/Library/Frameworks/QuartzCore.framework/Versions/A/QuartzCore
0x0000000002b6b000 	/System/Library/Frameworks/Carbon.framework/Versions/A/Frameworks/SpeechRecognition.framework/Versions/A/SpeechRecognition
0x0000000002b6b000 	/usr/lib/libauto.dylib
0x0000000002b6b000 	/usr/lib/libicucore.A.dylib
0x0000000002b6b000 	/usr/lib/libxml2.2.dylib
0x0000000002b6b000 	/System/Library/PrivateFrameworks/CoreUI.framework/Versions/A/CoreUI
0x0000000002b6b000 	/System/Library/Frameworks/CoreAudio.framework/Versions/A/CoreAudio
0x0000000002b6b000 	/System/Library/Frameworks/DiskArbitration.framework/Versions/A/DiskArbitration
0x0000000002b6b000 	/usr/lib/liblangid.dylib
0x0000000002b6b000 	/System/Library/PrivateFrameworks/MultitouchSupport.framework/Versions/A/MultitouchSupport
0x0000000002b6b000 	/System/Library/Frameworks/IOKit.framework/Versions/A/IOKit
0x0000000002b6b000 	/usr/lib/libDiagnosticMessagesClient.dylib
0x0000000002b6b000 	/System/Library/Frameworks/CoreServices.framework/Versions/A/CoreServices
0x0000000002b6b000 	/System/Library/PrivateFrameworks/PerformanceAnalysis.framework/Versions/A/PerformanceAnalysis
0x0000000002b6b000 	/System/Library/PrivateFrameworks/GenerationalStorage.framework/Versions/A/GenerationalStorage
0x0000000002b6b000 	/System/Library/Frameworks/OpenGL.framework/Versions/A/OpenGL
0x0000000002b6b000 	/System/Library/PrivateFrameworks/Sharing.framework/Versions/A/Sharing
0x0000000002b6b000 	/System/Library/Frameworks/CoreGraphics.framework/Versions/A/CoreGraphics
0x0000000002b6b000 	/System/Library/Frameworks/CoreImage.framework/Versions/A/CoreImage
0x0000000002b6b000 	/System/Library/Frameworks/CoreText.framework/Versions/A/CoreText
0x0000000002b6b000 	/System/Library/Frameworks/ImageIO.framework/Versions/A/ImageIO
0x0000000002b6b000 	/System/Library/PrivateFrameworks/Backup.framework/Versions/A/Backup
0x0000000002b6b000 	/usr/lib/libextension.dylib
0x0000000002b6b000 	/usr/lib/libarchive.2.dylib
0x0000000002b6b000 	/System/Library/Frameworks/CFNetwork.framework/Versions/A/CFNetwork
0x0000000002b6b000 	/System/Library/Frameworks/SystemConfiguration.framework/Versions/A/SystemConfiguration
0x0000000002b6b000 	/usr/lib/libCRFSuite.dylib
0x0000000002b6b000 	/usr/lib/libc++.1.dylib
0x0000000002b6b000 	/usr/lib/libc++abi.dylib
0x0000000002b6b000 	/usr/lib/system/libcache.dylib
0x0000000002b6b000 	/usr/lib/system/libcommonCrypto.dylib
0x0000000002b6b000 	/usr/lib/system/libcompiler_rt.dylib
0x0000000002b6b000 	/usr/lib/system/libcopyfile.dylib
0x0000000002b6b000 	/usr/lib/system/libcorecrypto.dylib
0x0000000002b6b000 	/usr/lib/system/libdispatch.dylib
0x0000000002b6b000 	/usr/lib/system/libdyld.dylib
0x0000000002b6b000 	/usr/lib/system/libkeymgr.dylib
0x0000000002b6b000 	/usr/lib/system/liblaunch.dylib
0x0000000002b6b000 	/usr/lib/system/libmacho.dylib
0x0000000002b6b000 	/usr/lib/system/libquarantine.dylib
0x0000000002b6b000 	/usr/lib/system/libremovefile.dylib
0x0000000002b6b000 	/usr/lib/system/libsystem_asl.dylib
0x0000000002b6b000 	/usr/lib/system/libsystem_blocks.dylib
0x0000000002b6b000 	/usr/lib/system/libsystem_c.dylib
0x0000000002b6b000 	/usr/lib/system/libsystem_configuration.dylib
0x0000000002b6b000 	/usr/lib/system/libsystem_coreservices.dylib
0x0000000002b6b000 	/usr/lib/system/libsystem_coretls.dylib
0x0000000002b6b000 	/usr/lib/system/libsystem_dnssd.dylib
0x0000000002b6b000 	/usr/lib/system/libsystem_info.dylib
0x0000000002b6b000 	/usr/lib/system/libsystem_kernel.dylib
0x0000000002b6b000 	/usr/lib/system/libsystem_m.dylib
0x0000000002b6b000 	/usr/lib/system/libsystem_malloc.dylib
0x0000000002b6b000 	/usr/lib/system/libsystem_network.dylib
0x0000000002b6b000 	/usr/lib/system/libsystem_networkextension.dylib
0x0000000002b6b000 	/usr/lib/system/libsystem_notify.dylib
0x0000000002b6b000 	/usr/lib/system/libsystem_platform.dylib
0x0000000002b6b000 	/usr/lib/system/libsystem_pthread.dylib
0x0000000002b6b000 	/usr/lib/system/libsystem_sandbox.dylib
0x0000000002b6b000 	/usr/lib/system/libsystem_secinit.dylib
0x0000000002b6b000 	/usr/lib/system/libsystem_trace.dylib
0x0000000002b6b000 	/usr/lib/system/libunc.dylib
0x0000000002b6b000 	/usr/lib/system/libunwind.dylib
0x0000000002b6b000 	/usr/lib/system/libxpc.dylib
0x0000000002b6b000 	/usr/lib/libenergytrace.dylib
0x0000000002b6b000 	/usr/lib/libbsm.0.dylib
0x0000000002b6b000 	/usr/lib/system/libkxld.dylib
0x0000000002b6b000 	/usr/lib/libxar.1.dylib
0x0000000002b6b000 	/usr/lib/libsqlite3.dylib
0x0000000002b6b000 	/usr/lib/libpam.2.dylib
0x0000000002b6b000 	/usr/lib/libOpenScriptingUtil.dylib
0x0000000002b6b000 	/usr/lib/libbz2.1.0.dylib
0x0000000002b6b000 	/usr/lib/liblzma.5.dylib
0x0000000002b6b000 	/System/Library/Frameworks/CoreServices.framework/Versions/A/Frameworks/FSEvents.framework/Versions/A/FSEvents
0x0000000002b6b000 	/System/Library/Frameworks/CoreServices.framework/Versions/A/Frameworks/CarbonCore.framework/Versions/A/CarbonCore
0x0000000002b6b000 	/System/Library/Frameworks/CoreServices.framework/Versions/A/Frameworks/Metadata.framework/Versions/A/Metadata
0x0000000002b6b000 	/System/Library/Frameworks/CoreServices.framework/Versions/A/Frameworks/OSServices.framework/Versions/A/OSServices
0x0000000002b6b000 	/System/Library/Frameworks/CoreServices.framework/Versions/A/Frameworks/SearchKit.framework/Versions/A/SearchKit
0x0000000002b6b000 	/System/Library/Frameworks/CoreServices.framework/Versions/A/Frameworks/AE.framework/Versions/A/AE
0x0000000002b6b000 	/System/Library/Frameworks/CoreServices.framework/Versions/A/Frameworks/LaunchServices.framework/Versions/A/LaunchServices
0x0000000002b6b000 	/System/Library/Frameworks/CoreServices.framework/Versions/A/Frameworks/DictionaryServices.framework/Versions/A/DictionaryServices
0x0000000002b6b000 	/System/Library/Frameworks/CoreServices.framework/Versions/A/Frameworks/SharedFileList.framework/Versions/A/SharedFileList
0x0000000002b6b000 	/System/Library/Frameworks/NetFS.framework/Versions/A/NetFS
0x0000000002b6b000 	/System/Library/PrivateFrameworks/NetAuth.framework/Versions/A/NetAuth
0x0000000002b6b000 	/System/Library/PrivateFrameworks/login.framework/Versions/A/Frameworks/loginsupport.framework/Versions/A/loginsupport
0x0000000002b6b000 	/System/Library/PrivateFrameworks/TCC.framework/Versions/A/TCC
0x0000000002b6b000 	/usr/lib/libmecabra.dylib
0x0000000002b6b000 	/System/Library/Frameworks/ApplicationServices.framework/Versions/A/Frameworks/ATS.framework/Versions/A/ATS
0x0000000002b6b000 	/System/Library/Frameworks/ApplicationServices.framework/Versions/A/Frameworks/ColorSync.framework/Versions/A/ColorSync
0x0000000002b6b000 	/System/Library/Frameworks/ApplicationServices.framework/Versions/A/Frameworks/HIServices.framework/Versions/A/HIServices
0x0000000002b6b000 	/System/Library/Frameworks/ApplicationServices.framework/Versions/A/Frameworks/LangAnalysis.framework/Versions/A/LangAnalysis
0x0000000002b6b000 	/System/Library/Frameworks/ApplicationServices.framework/Versions/A/Frameworks/PrintCore.framework/Versions/A/PrintCore
0x0000000002b6b000 	/System/Library/Frameworks/ApplicationServices.framework/Versions/A/Frameworks/QD.framework/Versions/A/QD
0x0000000002b6b000 	/System/Library/Frameworks/ApplicationServices.framework/Versions/A/Frameworks/SpeechSynthesis.framework/Versions/A/SpeechSynthesis
0x0000000002b6b000 	/System/Library/Frameworks/Metal.framework/Versions/A/Metal
0x0000000002b6b000 	/System/Library/Frameworks/Accelerate.framework/Versions/A/Frameworks/vImage.framework/Versions/A/vImage
0x0000000002b6b000 	/System/Library/Frameworks/Accelerate.framework/Versions/A/Frameworks/vecLib.framework/Versions/A/vecLib
0x0000000002b6b000 	/System/Library/Frameworks/Accelerate.framework/Versions/A/Frameworks/vecLib.framework/Versions/A/libvDSP.dylib
0x0000000002b6b000 	/System/Library/Frameworks/Accelerate.framework/Versions/A/Frameworks/vecLib.framework/Versions/A/libvMisc.dylib
0x0000000002b6b000 	/System/Library/Frameworks/Accelerate.framework/Versions/A/Frameworks/vecLib.framework/Versions/A/libLAPACK.dylib
0x0000000002b6b000 	/System/Library/Frameworks/Accelerate.framework/Versions/A/Frameworks/vecLib.framework/Versions/A/libBLAS.dylib
0x0000000002b6b000 	/System/Library/Frameworks/Accelerate.framework/Versions/A/Frameworks/vecLib.framework/Versions/A/libLinearAlgebra.dylib
0x0000000002b6b000 	/System/Library/Frameworks/Accelerate.framework/Versions/A/Frameworks/vecLib.framework/Versions/A/libSparseBLAS.dylib
0x0000000002b6b000 	/System/Library/PrivateFrameworks/GPUCompiler.framework/libmetal_timestamp.dylib
0x0000000002b6b000 	/System/Library/Frameworks/OpenGL.framework/Versions/A/Libraries/libCoreFSCache.dylib
0x0000000002b6b000 	/System/Library/PrivateFrameworks/IOAccelerator.framework/Versions/A/IOAccelerator
0x0000000002b6b000 	/System/Library/Frameworks/ApplicationServices.framework/Versions/A/Frameworks/ATS.framework/Versions/A/Resources/libFontParser.dylib
0x0000000002b6b000 	/System/Library/Frameworks/ApplicationServices.framework/Versions/A/Frameworks/ATS.framework/Versions/A/Resources/libFontRegistry.dylib
0x0000000002b6b000 	/System/Library/PrivateFrameworks/AppleVPA.framework/Versions/A/AppleVPA
0x0000000002b6b000 	/System/Library/PrivateFrameworks/AppleJPEG.framework/Versions/A/AppleJPEG
0x0000000002b6b000 	/System/Library/Frameworks/ImageIO.framework/Versions/A/Resources/libJPEG.dylib
0x0000000002b6b000 	/System/Library/Frameworks/ImageIO.framework/Versions/A/Resources/libTIFF.dylib
0x0000000002b6b000 	/System/Library/Frameworks/ImageIO.framework/Versions/A/Resources/libPng.dylib
0x0000000002b6b000 	/System/Library/Frameworks/ImageIO.framework/Versions/A/Resources/libGIF.dylib
0x0000000002b6b000 	/System/Library/Frameworks/ImageIO.framework/Versions/A/Resources/libJP2.dylib
0x0000000002b6b000 	/System/Library/Frameworks/ImageIO.framework/Versions/A/Resources/libRadiance.dylib
0x0000000002b6b000 	/System/Library/Frameworks/CoreVideo.framework/Versions/A/CoreVideo
0x0000000002b6b000 	/System/Library/Frameworks/OpenGL.framework/Versions/A/Libraries/libGLU.dylib
0x0000000002b6b000 	/System/Library/Frameworks/OpenGL.framework/Versions/A/Libraries/libGFXShared.dylib
0x0000000002b6b000 	/System/Library/Frameworks/OpenGL.framework/Versions/A/Libraries/libGL.dylib
0x0000000002b6b000 	/System/Library/Frameworks/OpenGL.framework/Versions/A/Libraries/libGLImage.dylib
0x0000000002b6b000 	/System/Library/Frameworks/OpenGL.framework/Versions/A/Libraries/libCVMSPluginSupport.dylib
0x0000000002b6b000 	/System/Library/Frameworks/OpenGL.framework/Versions/A/Libraries/libCoreVMClient.dylib
0x0000000002b6b000 	/usr/lib/libcompression.dylib
0x0000000002b6b000 	/usr/lib/libcups.2.dylib
0x0000000002b6b000 	/System/Library/Frameworks/Kerberos.framework/Versions/A/Kerberos
0x0000000002b6b000 	/System/Library/Frameworks/GSS.framework/Versions/A/GSS
0x0000000002b6b000 	/usr/lib/libresolv.9.dylib
0x0000000002b6b000 	/usr/lib/libiconv.2.dylib
0x0000000002b6b000 	/System/Library/PrivateFrameworks/Heimdal.framework/Versions/A/Heimdal
0x0000000002b6b000 	/usr/lib/libheimdal-asn1.dylib
0x0000000002b6b000 	/System/Library/Frameworks/OpenDirectory.framework/Versions/A/OpenDirectory
0x0000000002b6b000 	/System/Library/PrivateFrameworks/CommonAuth.framework/Versions/A/CommonAuth
0x0000000002b6b000 	/System/Library/Frameworks/OpenDirectory.framework/Versions/A/Frameworks/CFOpenDirectory.framework/Versions/A/CFOpenDirectory
0x0000000002b6b000 	/System/Library/Frameworks/SecurityFoundation.framework/Versions/A/SecurityFoundation
0x0000000002b6b000 	/System/Library/PrivateFrameworks/LanguageModeling.framework/Versions/A/LanguageModeling
0x0000000002b6b000 	/usr/lib/libmarisa.dylib
0x0000000002b6b000 	/usr/lib/libChineseTokenizer.dylib
0x0000000002b6b000 	/usr/lib/libcmph.dylib
0x0000000002b6b000 	/System/Library/Frameworks/ServiceManagement.framework/Versions/A/ServiceManagement
0x0000000002b6b000 	/usr/lib/libxslt.1.dylib
0x0000000002b6b000 	/System/Library/Frameworks/Carbon.framework/Versions/A/Frameworks/Ink.framework/Versions/A/Ink
0x0000000002b6b000 	/usr/lib/libFosl_dynamic.dylib
0x0000000002b6b000 	/System/Library/PrivateFrameworks/FaceCore.framework/Versions/A/FaceCore
0x0000000002b6b000 	/System/Library/Frameworks/OpenCL.framework/Versions/A/OpenCL
0x0000000002b6b000 	/System/Library/PrivateFrameworks/CrashReporterSupport.framework/Versions/A/CrashReporterSupport
0x0000000002b6b000 	/System/Library/PrivateFrameworks/IconServices.framework/Versions/A/IconServices
0x0000000002b6b000 	/System/Library/PrivateFrameworks/Apple80211.framework/Versions/A/Apple80211
0x0000000002b6b000 	/System/Library/Frameworks/CoreWLAN.framework/Versions/A/CoreWLAN
0x0000000002b6b000 	/System/Library/Frameworks/IOBluetooth.framework/Versions/A/IOBluetooth
0x0000000002b6b000 	/System/Library/PrivateFrameworks/CoreWiFi.framework/Versions/A/CoreWiFi
0x0000000002b6b000 	/System/Library/Frameworks/CoreBluetooth.framework/Versions/A/CoreBluetooth
0x0000000002b6b000 	/System/Library/PrivateFrameworks/ChunkingLibrary.framework/Versions/A/ChunkingLibrary
0x0000000002b6b000 	/System/Library/PrivateFrameworks/DebugSymbols.framework/Versions/A/DebugSymbols
0x0000000002b6b000 	/System/Library/PrivateFrameworks/CoreSymbolication.framework/Versions/A/CoreSymbolication
0x0000000002b6b000 	/System/Library/PrivateFrameworks/Symbolication.framework/Versions/A/Symbolication
0x0000000002b6b000 	/System/Library/PrivateFrameworks/SpeechRecognitionCore.framework/Versions/A/SpeechRecognitionCore
0x000000010a200000 	/Library/Java/JavaVirtualMachines/jdk1.8.0_25.jdk/Contents/Home/jre/lib/server/libjvm.dylib
0x0000000002b6b000 	/usr/lib/libstdc++.6.dylib
0x00000001098f8000 	/Library/Java/JavaVirtualMachines/jdk1.8.0_25.jdk/Contents/Home/jre/lib/libverify.dylib
0x0000000109906000 	/Library/Java/JavaVirtualMachines/jdk1.8.0_25.jdk/Contents/Home/jre/lib/libjava.dylib
0x0000000109944000 	/Library/Java/JavaVirtualMachines/jdk1.8.0_25.jdk/Contents/Home/jre/lib/libzip.dylib
0x000000011f725000 	/System/Library/Frameworks/JavaVM.framework/Frameworks/JavaRuntimeSupport.framework/JavaRuntimeSupport
0x000000011f740000 	/System/Library/Frameworks/JavaVM.framework/Versions/A/Frameworks/JavaNativeFoundation.framework/Versions/A/JavaNativeFoundation
0x00000001099ef000 	/System/Library/Frameworks/JavaVM.framework/Versions/A/JavaVM
0x0000000002b6b000 	/System/Library/Frameworks/Carbon.framework/Versions/A/Carbon
0x000000011f755000 	/System/Library/PrivateFrameworks/JavaLaunching.framework/Versions/A/JavaLaunching
0x0000000002b6b000 	/System/Library/Frameworks/Carbon.framework/Versions/A/Frameworks/CommonPanels.framework/Versions/A/CommonPanels
0x0000000002b6b000 	/System/Library/Frameworks/Carbon.framework/Versions/A/Frameworks/Help.framework/Versions/A/Help
0x0000000002b6b000 	/System/Library/Frameworks/Carbon.framework/Versions/A/Frameworks/ImageCapture.framework/Versions/A/ImageCapture
0x0000000002b6b000 	/System/Library/Frameworks/Carbon.framework/Versions/A/Frameworks/OpenScripting.framework/Versions/A/OpenScripting
0x0000000002b6b000 	/System/Library/Frameworks/Carbon.framework/Versions/A/Frameworks/Print.framework/Versions/A/Print
0x0000000002b6b000 	/System/Library/Frameworks/Carbon.framework/Versions/A/Frameworks/SecurityHI.framework/Versions/A/SecurityHI
0x00000001216a9000 	/Library/Java/JavaVirtualMachines/jdk1.8.0_25.jdk/Contents/Home/jre/lib/libnet.dylib
0x0000000121708000 	/Library/Java/JavaVirtualMachines/jdk1.8.0_25.jdk/Contents/Home/jre/lib/libnio.dylib
0x0000000121718000 	/Users/Sahar/.gradle/native/25/osx-amd64/libnative-platform.dylib
0x0000000121b83000 	/Library/Java/JavaVirtualMachines/jdk1.8.0_25.jdk/Contents/Home/jre/lib/libmanagement.dylib
0x000000012154a000 	/Library/Java/JavaVirtualMachines/jdk1.8.0_25.jdk/Contents/Home/jre/lib/libsunec.dylib
0x000000012382f000 	/Library/Java/JavaVirtualMachines/jdk1.8.0_25.jdk/Contents/Home/jre/lib/libawt.dylib
0x00000001238de000 	/Library/Java/JavaVirtualMachines/jdk1.8.0_25.jdk/Contents/Home/jre/lib/./libmlib_image.dylib
0x000000012574d000 	/Library/Java/JavaVirtualMachines/jdk1.8.0_25.jdk/Contents/Home/jre/lib/libawt_lwawt.dylib
0x0000000121626000 	/Library/Java/JavaVirtualMachines/jdk1.8.0_25.jdk/Contents/Home/jre/lib/./libosxapp.dylib
0x0000000002b6b000 	/System/Library/Frameworks/ExceptionHandling.framework/Versions/A/ExceptionHandling
0x0000000123447000 	/Library/Java/JavaVirtualMachines/jdk1.8.0_25.jdk/Contents/Home/jre/lib/libdcpr.dylib
0x00000001214d6000 	/private/var/folders/90/f1g2dbh51vg4r7x_pkmq1ht00000gn/T/native-platform440097005557681133dir/libnative-platform.dylib

VM Arguments:
jvm_args: -Xmx1536m -Dfile.encoding=UTF-8 -Duser.country=US -Duser.language=en -Duser.variant 
java_command: org.gradle.launcher.daemon.bootstrap.GradleDaemon 4.1
java_class_path (initial): /Users/Sahar/.gradle/wrapper/dists/gradle-4.1-all/bzyivzo6n839fup2jbap0tjew/gradle-4.1/lib/gradle-launcher-4.1.jar
Launcher Type: SUN_STANDARD

Environment Variables:
PATH=/usr/bin:/bin:/usr/sbin:/sbin
SHELL=/bin/bash

Signal Handlers:
SIGSEGV: [libjvm.dylib+0x579dc7], sa_mask[0]=11111111011111110111111111111111, sa_flags=SA_ONSTACK|SA_RESTART|SA_SIGINFO
SIGBUS: [libjvm.dylib+0x579dc7], sa_mask[0]=11111111011111110111111111111111, sa_flags=SA_RESTART|SA_SIGINFO
SIGFPE: [libjvm.dylib+0x45b030], sa_mask[0]=11111111011111110111111111111111, sa_flags=SA_RESTART|SA_SIGINFO
SIGPIPE: [libjvm.dylib+0x45b030], sa_mask[0]=11111111011111110111111111111111, sa_flags=SA_RESTART|SA_SIGINFO
SIGXFSZ: [libjvm.dylib+0x45b030], sa_mask[0]=11111111011111110111111111111111, sa_flags=SA_RESTART|SA_SIGINFO
SIGILL: [libjvm.dylib+0x45b030], sa_mask[0]=11111111011111110111111111111111, sa_flags=SA_RESTART|SA_SIGINFO
SIGUSR1: SIG_DFL, sa_mask[0]=00000000000000000000000000000000, sa_flags=none
SIGUSR2: [libjvm.dylib+0x45ab4e], sa_mask[0]=00100000000000000000000000000000, sa_flags=SA_RESTART|SA_SIGINFO
SIGHUP: [libjvm.dylib+0x459121], sa_mask[0]=11111111011111110111111111111111, sa_flags=SA_RESTART|SA_SIGINFO
SIGINT: [libjvm.dylib+0x459121], sa_mask[0]=11111111011111110111111111111111, sa_flags=SA_RESTART|SA_SIGINFO
SIGTERM: [libjvm.dylib+0x459121], sa_mask[0]=11111111011111110111111111111111, sa_flags=SA_RESTART|SA_SIGINFO
SIGQUIT: [libjvm.dylib+0x459121], sa_mask[0]=11111111011111110111111111111111, sa_flags=SA_RESTART|SA_SIGINFO


---------------  S Y S T E M  ---------------

OS:Bsduname:Darwin 15.5.0 Darwin Kernel Version 15.5.0: Tue Apr 19 18:36:36 PDT 2016; root:xnu-3248.50.21~8/RELEASE_X86_64 x86_64
rlimit: STACK 8192k, CORE 0k, NPROC 709, NOFILE 10240, AS infinity
load average:3.30 2.83 3.09

CPU:total 4 (2 cores per cpu, 2 threads per core) family 6 model 42 stepping 7, cmov, cx8, fxsr, mmx, sse, sse2, sse3, ssse3, sse4.1, sse4.2, popcnt, avx, aes, clmul, ht, tsc, tscinvbit

Memory: 4k page, physical 8388608k(32204k free)

/proc/meminfo:


vm_info: Java HotSpot(TM) 64-Bit Server VM (25.25-b02) for bsd-amd64 JRE (1.8.0_25-b17), built on Sep 17 2014 16:56:50 by "java_re" with gcc 4.2.1 (Based on Apple Inc. build 5658) (LLVM build 2336.11.00)

time: Tue Apr 10 17:52:16 2018
elapsed time: 5539 seconds (0d 1h 32m 19s)

